2024-05-25 08:57:16,774 [Worker-6: Loading available Gradle versions] INFO  o.e.b.c.i.u.g.PublishedGradleVersions - Gradle version information cache is up-to-date. Trying to read.
2024-05-25 08:57:47,179 [Worker-32: Importing Maven projects] INFO  o.e.m.c.i.l.LifecycleMappingFactory - Using org.eclipse.m2e.jdt.JarLifecycleMapping lifecycle mapping for MavenProject: com.example:demo-spring-firestore:0.0.1-SNAPSHOT @ C:\Users\David\Downloads\demo-spring-firestore-main (1)\demo-spring-firestore-main\pom.xml.
2024-05-25 08:57:48,315 [Worker-32: Importing Maven projects] INFO  o.e.m.j.i.AbstractJavaProjectConfigurator - Adding source folder /demo-spring-firestore-main/src/main/java
2024-05-25 08:57:48,320 [Worker-32: Importing Maven projects] INFO  o.e.m.j.i.AbstractJavaProjectConfigurator - Adding resource folder /demo-spring-firestore-main/src/main/resources
2024-05-25 08:57:48,323 [Worker-32: Importing Maven projects] INFO  o.e.m.j.i.AbstractJavaProjectConfigurator - Adding resource folder /demo-spring-firestore-main/src/main/resources
2024-05-25 08:57:48,325 [Worker-32: Importing Maven projects] INFO  o.e.m.j.i.AbstractJavaProjectConfigurator - Adding source folder /demo-spring-firestore-main/src/test/java
2024-05-25 08:57:48,326 [Worker-32: Importing Maven projects] INFO  o.e.m.j.i.AbstractJavaProjectConfigurator - Adding resource folder /demo-spring-firestore-main/src/test/resources
2024-05-25 08:57:48,327 [Worker-32: Importing Maven projects] ERROR o.e.m.j.i.AbstractJavaProjectConfigurator - Failed to find a compatible VM for environment id 'JavaSE-1.8', falling back to workspace default
2024-05-25 08:57:48,537 [Worker-32: Importing Maven projects] INFO  o.e.m.c.i.p.ProjectConfigurationManager - Imported and configured 1 project(s) in 2 sec
2024-05-25 08:57:50,038 [Worker-9: Building] INFO  o.e.m.c.i.embedder.EclipseLogger - Using 'UTF-8' encoding to copy filtered resources.
2024-05-25 08:57:50,039 [Worker-9: Building] INFO  o.e.m.c.i.embedder.EclipseLogger - Using 'UTF-8' encoding to copy filtered properties files.
2024-05-25 08:57:50,050 [Worker-9: Building] INFO  o.e.m.c.i.embedder.EclipseLogger - Copying 1 resource
2024-05-25 08:57:50,098 [Worker-9: Building] INFO  o.e.m.c.i.embedder.EclipseLogger - Copying 0 resource
2024-05-25 08:57:50,108 [Worker-9: Building] INFO  o.e.m.c.i.embedder.EclipseLogger - Using 'UTF-8' encoding to copy filtered resources.
2024-05-25 08:57:50,108 [Worker-9: Building] INFO  o.e.m.c.i.embedder.EclipseLogger - Using 'UTF-8' encoding to copy filtered properties files.
2024-05-25 08:57:50,108 [Worker-9: Building] INFO  o.e.m.c.i.embedder.EclipseLogger - skip non existing resourceDirectory C:\Users\David\Downloads\demo-spring-firestore-main (1)\demo-spring-firestore-main\src\test\resources
2024-05-25 09:00:01,135 [Worker-20: Launching Executing clean in C__Users_David_Downloads_demo-spring-firestore-main (1)_demo-spring-firestore-main] INFO  o.eclipse.m2e.core.internal.Bundles - getClasspathEntries(Bundle=org.eclipse.m2e.maven.runtime_3.9.600.20231203-1234 [297])
2024-05-25 09:00:01,136 [Worker-20: Launching Executing clean in C__Users_David_Downloads_demo-spring-firestore-main (1)_demo-spring-firestore-main] INFO  o.eclipse.m2e.core.internal.Bundles - 	Entry: C:\Users\David\.p2\pool\plugins\org.eclipse.m2e.maven.runtime_3.9.600.20231203-1234
2024-05-25 09:00:01,137 [Worker-20: Launching Executing clean in C__Users_David_Downloads_demo-spring-firestore-main (1)_demo-spring-firestore-main] INFO  o.eclipse.m2e.core.internal.Bundles - 	Entry: C:\Users\David\.p2\pool\plugins\org.eclipse.m2e.maven.runtime_3.9.600.20231203-1234\jars\aopalliance-1.0.jar
2024-05-25 09:00:01,137 [Worker-20: Launching Executing clean in C__Users_David_Downloads_demo-spring-firestore-main (1)_demo-spring-firestore-main] INFO  o.eclipse.m2e.core.internal.Bundles - 	Entry: C:\Users\David\.p2\pool\plugins\org.eclipse.m2e.maven.runtime_3.9.600.20231203-1234\jars\guice-5.1.0.jar
2024-05-25 09:00:01,137 [Worker-20: Launching Executing clean in C__Users_David_Downloads_demo-spring-firestore-main (1)_demo-spring-firestore-main] INFO  o.eclipse.m2e.core.internal.Bundles - 	Entry: C:\Users\David\.p2\pool\plugins\org.eclipse.m2e.maven.runtime_3.9.600.20231203-1234\jars\httpclient-4.5.14.jar
2024-05-25 09:00:01,137 [Worker-20: Launching Executing clean in C__Users_David_Downloads_demo-spring-firestore-main (1)_demo-spring-firestore-main] INFO  o.eclipse.m2e.core.internal.Bundles - 	Entry: C:\Users\David\.p2\pool\plugins\org.eclipse.m2e.maven.runtime_3.9.600.20231203-1234\jars\httpcore-4.4.16.jar
2024-05-25 09:00:01,137 [Worker-20: Launching Executing clean in C__Users_David_Downloads_demo-spring-firestore-main (1)_demo-spring-firestore-main] INFO  o.eclipse.m2e.core.internal.Bundles - 	Entry: C:\Users\David\.p2\pool\plugins\org.eclipse.m2e.maven.runtime_3.9.600.20231203-1234\jars\jansi-2.4.0.jar
2024-05-25 09:00:01,137 [Worker-20: Launching Executing clean in C__Users_David_Downloads_demo-spring-firestore-main (1)_demo-spring-firestore-main] INFO  o.eclipse.m2e.core.internal.Bundles - 	Entry: C:\Users\David\.p2\pool\plugins\org.eclipse.m2e.maven.runtime_3.9.600.20231203-1234\jars\jcl-over-slf4j-1.7.36.jar
2024-05-25 09:00:01,137 [Worker-20: Launching Executing clean in C__Users_David_Downloads_demo-spring-firestore-main (1)_demo-spring-firestore-main] INFO  o.eclipse.m2e.core.internal.Bundles - 	Entry: C:\Users\David\.p2\pool\plugins\org.eclipse.m2e.maven.runtime_3.9.600.20231203-1234\jars\maven-artifact-3.9.6.jar
2024-05-25 09:00:01,137 [Worker-20: Launching Executing clean in C__Users_David_Downloads_demo-spring-firestore-main (1)_demo-spring-firestore-main] INFO  o.eclipse.m2e.core.internal.Bundles - 	Entry: C:\Users\David\.p2\pool\plugins\org.eclipse.m2e.maven.runtime_3.9.600.20231203-1234\jars\maven-builder-support-3.9.6.jar
2024-05-25 09:00:01,138 [Worker-20: Launching Executing clean in C__Users_David_Downloads_demo-spring-firestore-main (1)_demo-spring-firestore-main] INFO  o.eclipse.m2e.core.internal.Bundles - 	Entry: C:\Users\David\.p2\pool\plugins\org.eclipse.m2e.maven.runtime_3.9.600.20231203-1234\jars\maven-compat-3.9.6.jar
2024-05-25 09:00:01,138 [Worker-20: Launching Executing clean in C__Users_David_Downloads_demo-spring-firestore-main (1)_demo-spring-firestore-main] INFO  o.eclipse.m2e.core.internal.Bundles - 	Entry: C:\Users\David\.p2\pool\plugins\org.eclipse.m2e.maven.runtime_3.9.600.20231203-1234\jars\maven-core-3.9.6.jar
2024-05-25 09:00:01,138 [Worker-20: Launching Executing clean in C__Users_David_Downloads_demo-spring-firestore-main (1)_demo-spring-firestore-main] INFO  o.eclipse.m2e.core.internal.Bundles - 	Entry: C:\Users\David\.p2\pool\plugins\org.eclipse.m2e.maven.runtime_3.9.600.20231203-1234\jars\maven-embedder-3.9.6.jar
2024-05-25 09:00:01,138 [Worker-20: Launching Executing clean in C__Users_David_Downloads_demo-spring-firestore-main (1)_demo-spring-firestore-main] INFO  o.eclipse.m2e.core.internal.Bundles - 	Entry: C:\Users\David\.p2\pool\plugins\org.eclipse.m2e.maven.runtime_3.9.600.20231203-1234\jars\maven-model-3.9.6.jar
2024-05-25 09:00:01,138 [Worker-20: Launching Executing clean in C__Users_David_Downloads_demo-spring-firestore-main (1)_demo-spring-firestore-main] INFO  o.eclipse.m2e.core.internal.Bundles - 	Entry: C:\Users\David\.p2\pool\plugins\org.eclipse.m2e.maven.runtime_3.9.600.20231203-1234\jars\maven-model-builder-3.9.6.jar
2024-05-25 09:00:01,138 [Worker-20: Launching Executing clean in C__Users_David_Downloads_demo-spring-firestore-main (1)_demo-spring-firestore-main] INFO  o.eclipse.m2e.core.internal.Bundles - 	Entry: C:\Users\David\.p2\pool\plugins\org.eclipse.m2e.maven.runtime_3.9.600.20231203-1234\jars\maven-plugin-api-3.9.6.jar
2024-05-25 09:00:01,138 [Worker-20: Launching Executing clean in C__Users_David_Downloads_demo-spring-firestore-main (1)_demo-spring-firestore-main] INFO  o.eclipse.m2e.core.internal.Bundles - 	Entry: C:\Users\David\.p2\pool\plugins\org.eclipse.m2e.maven.runtime_3.9.600.20231203-1234\jars\maven-repository-metadata-3.9.6.jar
2024-05-25 09:00:01,138 [Worker-20: Launching Executing clean in C__Users_David_Downloads_demo-spring-firestore-main (1)_demo-spring-firestore-main] INFO  o.eclipse.m2e.core.internal.Bundles - 	Entry: C:\Users\David\.p2\pool\plugins\org.eclipse.m2e.maven.runtime_3.9.600.20231203-1234\jars\maven-resolver-api-1.9.18.jar
2024-05-25 09:00:01,138 [Worker-20: Launching Executing clean in C__Users_David_Downloads_demo-spring-firestore-main (1)_demo-spring-firestore-main] INFO  o.eclipse.m2e.core.internal.Bundles - 	Entry: C:\Users\David\.p2\pool\plugins\org.eclipse.m2e.maven.runtime_3.9.600.20231203-1234\jars\maven-resolver-connector-basic-1.9.18.jar
2024-05-25 09:00:01,138 [Worker-20: Launching Executing clean in C__Users_David_Downloads_demo-spring-firestore-main (1)_demo-spring-firestore-main] INFO  o.eclipse.m2e.core.internal.Bundles - 	Entry: C:\Users\David\.p2\pool\plugins\org.eclipse.m2e.maven.runtime_3.9.600.20231203-1234\jars\maven-resolver-impl-1.9.18.jar
2024-05-25 09:00:01,138 [Worker-20: Launching Executing clean in C__Users_David_Downloads_demo-spring-firestore-main (1)_demo-spring-firestore-main] INFO  o.eclipse.m2e.core.internal.Bundles - 	Entry: C:\Users\David\.p2\pool\plugins\org.eclipse.m2e.maven.runtime_3.9.600.20231203-1234\jars\maven-resolver-named-locks-1.9.18.jar
2024-05-25 09:00:01,138 [Worker-20: Launching Executing clean in C__Users_David_Downloads_demo-spring-firestore-main (1)_demo-spring-firestore-main] INFO  o.eclipse.m2e.core.internal.Bundles - 	Entry: C:\Users\David\.p2\pool\plugins\org.eclipse.m2e.maven.runtime_3.9.600.20231203-1234\jars\maven-resolver-provider-3.9.6.jar
2024-05-25 09:00:01,138 [Worker-20: Launching Executing clean in C__Users_David_Downloads_demo-spring-firestore-main (1)_demo-spring-firestore-main] INFO  o.eclipse.m2e.core.internal.Bundles - 	Entry: C:\Users\David\.p2\pool\plugins\org.eclipse.m2e.maven.runtime_3.9.600.20231203-1234\jars\maven-resolver-spi-1.9.18.jar
2024-05-25 09:00:01,138 [Worker-20: Launching Executing clean in C__Users_David_Downloads_demo-spring-firestore-main (1)_demo-spring-firestore-main] INFO  o.eclipse.m2e.core.internal.Bundles - 	Entry: C:\Users\David\.p2\pool\plugins\org.eclipse.m2e.maven.runtime_3.9.600.20231203-1234\jars\maven-resolver-transport-file-1.9.18.jar
2024-05-25 09:00:01,139 [Worker-20: Launching Executing clean in C__Users_David_Downloads_demo-spring-firestore-main (1)_demo-spring-firestore-main] INFO  o.eclipse.m2e.core.internal.Bundles - 	Entry: C:\Users\David\.p2\pool\plugins\org.eclipse.m2e.maven.runtime_3.9.600.20231203-1234\jars\maven-resolver-transport-http-1.9.18.jar
2024-05-25 09:00:01,139 [Worker-20: Launching Executing clean in C__Users_David_Downloads_demo-spring-firestore-main (1)_demo-spring-firestore-main] INFO  o.eclipse.m2e.core.internal.Bundles - 	Entry: C:\Users\David\.p2\pool\plugins\org.eclipse.m2e.maven.runtime_3.9.600.20231203-1234\jars\maven-resolver-transport-wagon-1.9.18.jar
2024-05-25 09:00:01,139 [Worker-20: Launching Executing clean in C__Users_David_Downloads_demo-spring-firestore-main (1)_demo-spring-firestore-main] INFO  o.eclipse.m2e.core.internal.Bundles - 	Entry: C:\Users\David\.p2\pool\plugins\org.eclipse.m2e.maven.runtime_3.9.600.20231203-1234\jars\maven-resolver-util-1.9.18.jar
2024-05-25 09:00:01,139 [Worker-20: Launching Executing clean in C__Users_David_Downloads_demo-spring-firestore-main (1)_demo-spring-firestore-main] INFO  o.eclipse.m2e.core.internal.Bundles - 	Entry: C:\Users\David\.p2\pool\plugins\org.eclipse.m2e.maven.runtime_3.9.600.20231203-1234\jars\maven-settings-3.9.6.jar
2024-05-25 09:00:01,139 [Worker-20: Launching Executing clean in C__Users_David_Downloads_demo-spring-firestore-main (1)_demo-spring-firestore-main] INFO  o.eclipse.m2e.core.internal.Bundles - 	Entry: C:\Users\David\.p2\pool\plugins\org.eclipse.m2e.maven.runtime_3.9.600.20231203-1234\jars\maven-settings-builder-3.9.6.jar
2024-05-25 09:00:01,139 [Worker-20: Launching Executing clean in C__Users_David_Downloads_demo-spring-firestore-main (1)_demo-spring-firestore-main] INFO  o.eclipse.m2e.core.internal.Bundles - 	Entry: C:\Users\David\.p2\pool\plugins\org.eclipse.m2e.maven.runtime_3.9.600.20231203-1234\jars\maven-shared-utils-3.3.4.jar
2024-05-25 09:00:01,139 [Worker-20: Launching Executing clean in C__Users_David_Downloads_demo-spring-firestore-main (1)_demo-spring-firestore-main] INFO  o.eclipse.m2e.core.internal.Bundles - 	Entry: C:\Users\David\.p2\pool\plugins\org.eclipse.m2e.maven.runtime_3.9.600.20231203-1234\jars\org.eclipse.sisu.inject-0.9.0.M2.jar
2024-05-25 09:00:01,139 [Worker-20: Launching Executing clean in C__Users_David_Downloads_demo-spring-firestore-main (1)_demo-spring-firestore-main] INFO  o.eclipse.m2e.core.internal.Bundles - 	Entry: C:\Users\David\.p2\pool\plugins\org.eclipse.m2e.maven.runtime_3.9.600.20231203-1234\jars\org.eclipse.sisu.plexus-0.9.0.M2.jar
2024-05-25 09:00:01,139 [Worker-20: Launching Executing clean in C__Users_David_Downloads_demo-spring-firestore-main (1)_demo-spring-firestore-main] INFO  o.eclipse.m2e.core.internal.Bundles - 	Entry: C:\Users\David\.p2\pool\plugins\org.eclipse.m2e.maven.runtime_3.9.600.20231203-1234\jars\plexus-build-api-0.0.7.jar
2024-05-25 09:00:01,139 [Worker-20: Launching Executing clean in C__Users_David_Downloads_demo-spring-firestore-main (1)_demo-spring-firestore-main] INFO  o.eclipse.m2e.core.internal.Bundles - 	Entry: C:\Users\David\.p2\pool\plugins\org.eclipse.m2e.maven.runtime_3.9.600.20231203-1234\jars\plexus-cipher-2.0.jar
2024-05-25 09:00:01,139 [Worker-20: Launching Executing clean in C__Users_David_Downloads_demo-spring-firestore-main (1)_demo-spring-firestore-main] INFO  o.eclipse.m2e.core.internal.Bundles - 	Entry: C:\Users\David\.p2\pool\plugins\org.eclipse.m2e.maven.runtime_3.9.600.20231203-1234\jars\plexus-classworlds-2.7.0.jar
2024-05-25 09:00:01,139 [Worker-20: Launching Executing clean in C__Users_David_Downloads_demo-spring-firestore-main (1)_demo-spring-firestore-main] INFO  o.eclipse.m2e.core.internal.Bundles - 	Entry: C:\Users\David\.p2\pool\plugins\org.eclipse.m2e.maven.runtime_3.9.600.20231203-1234\jars\plexus-component-annotations-2.1.0.jar
2024-05-25 09:00:01,140 [Worker-20: Launching Executing clean in C__Users_David_Downloads_demo-spring-firestore-main (1)_demo-spring-firestore-main] INFO  o.eclipse.m2e.core.internal.Bundles - 	Entry: C:\Users\David\.p2\pool\plugins\org.eclipse.m2e.maven.runtime_3.9.600.20231203-1234\jars\plexus-interpolation-1.26.jar
2024-05-25 09:00:01,140 [Worker-20: Launching Executing clean in C__Users_David_Downloads_demo-spring-firestore-main (1)_demo-spring-firestore-main] INFO  o.eclipse.m2e.core.internal.Bundles - 	Entry: C:\Users\David\.p2\pool\plugins\org.eclipse.m2e.maven.runtime_3.9.600.20231203-1234\jars\plexus-sec-dispatcher-2.0.jar
2024-05-25 09:00:01,140 [Worker-20: Launching Executing clean in C__Users_David_Downloads_demo-spring-firestore-main (1)_demo-spring-firestore-main] INFO  o.eclipse.m2e.core.internal.Bundles - 	Entry: C:\Users\David\.p2\pool\plugins\org.eclipse.m2e.maven.runtime_3.9.600.20231203-1234\jars\plexus-utils-3.5.1.jar
2024-05-25 09:00:01,140 [Worker-20: Launching Executing clean in C__Users_David_Downloads_demo-spring-firestore-main (1)_demo-spring-firestore-main] INFO  o.eclipse.m2e.core.internal.Bundles - 	Entry: C:\Users\David\.p2\pool\plugins\org.eclipse.m2e.maven.runtime_3.9.600.20231203-1234\jars\wagon-file-3.5.3.jar
2024-05-25 09:00:01,140 [Worker-20: Launching Executing clean in C__Users_David_Downloads_demo-spring-firestore-main (1)_demo-spring-firestore-main] INFO  o.eclipse.m2e.core.internal.Bundles - 	Entry: C:\Users\David\.p2\pool\plugins\org.eclipse.m2e.maven.runtime_3.9.600.20231203-1234\jars\wagon-http-3.5.3.jar
2024-05-25 09:00:01,140 [Worker-20: Launching Executing clean in C__Users_David_Downloads_demo-spring-firestore-main (1)_demo-spring-firestore-main] INFO  o.eclipse.m2e.core.internal.Bundles - 	Entry: C:\Users\David\.p2\pool\plugins\org.eclipse.m2e.maven.runtime_3.9.600.20231203-1234\jars\wagon-http-shared-3.5.3.jar
2024-05-25 09:00:01,140 [Worker-20: Launching Executing clean in C__Users_David_Downloads_demo-spring-firestore-main (1)_demo-spring-firestore-main] INFO  o.eclipse.m2e.core.internal.Bundles - 	Entry: C:\Users\David\.p2\pool\plugins\org.eclipse.m2e.maven.runtime_3.9.600.20231203-1234\jars\wagon-provider-api-3.5.3.jar
2024-05-25 09:00:01,141 [Worker-20: Launching Executing clean in C__Users_David_Downloads_demo-spring-firestore-main (1)_demo-spring-firestore-main] INFO  o.eclipse.m2e.core.internal.Bundles - getClasspathEntries(Bundle=com.google.guava_33.0.0.jre [10])
2024-05-25 09:00:01,141 [Worker-20: Launching Executing clean in C__Users_David_Downloads_demo-spring-firestore-main (1)_demo-spring-firestore-main] INFO  o.eclipse.m2e.core.internal.Bundles - 	Entry: C:\Users\David\.p2\pool\plugins\com.google.guava_33.0.0.jre.jar
2024-05-25 09:00:01,141 [Worker-20: Launching Executing clean in C__Users_David_Downloads_demo-spring-firestore-main (1)_demo-spring-firestore-main] INFO  o.eclipse.m2e.core.internal.Bundles - getClasspathEntries(Bundle=slf4j.api_2.0.13 [519])
2024-05-25 09:00:01,141 [Worker-20: Launching Executing clean in C__Users_David_Downloads_demo-spring-firestore-main (1)_demo-spring-firestore-main] INFO  o.eclipse.m2e.core.internal.Bundles - 	Entry: C:\Users\David\.p2\pool\plugins\slf4j.api_2.0.13.jar
2024-05-25 09:00:01,141 [Worker-20: Launching Executing clean in C__Users_David_Downloads_demo-spring-firestore-main (1)_demo-spring-firestore-main] INFO  o.eclipse.m2e.core.internal.Bundles - getClasspathEntries(Bundle=jakarta.inject.jakarta.inject-api_1.0.5 [22])
2024-05-25 09:00:01,141 [Worker-20: Launching Executing clean in C__Users_David_Downloads_demo-spring-firestore-main (1)_demo-spring-firestore-main] INFO  o.eclipse.m2e.core.internal.Bundles - 	Entry: C:\Users\David\.p2\pool\plugins\jakarta.inject.jakarta.inject-api_1.0.5.jar
2024-05-25 09:00:01,142 [Worker-20: Launching Executing clean in C__Users_David_Downloads_demo-spring-firestore-main (1)_demo-spring-firestore-main] INFO  o.eclipse.m2e.core.internal.Bundles - getClasspathEntries(Bundle=jakarta.annotation-api_1.3.5 [20])
2024-05-25 09:00:01,142 [Worker-20: Launching Executing clean in C__Users_David_Downloads_demo-spring-firestore-main (1)_demo-spring-firestore-main] INFO  o.eclipse.m2e.core.internal.Bundles - 	Entry: C:\Users\David\.p2\pool\plugins\jakarta.annotation-api_1.3.5.jar
2024-05-25 09:00:01,142 [Worker-20: Launching Executing clean in C__Users_David_Downloads_demo-spring-firestore-main (1)_demo-spring-firestore-main] INFO  o.eclipse.m2e.core.internal.Bundles - getClasspathEntries(Bundle=org.apache.commons.cli_1.6.0 [46])
2024-05-25 09:00:01,142 [Worker-20: Launching Executing clean in C__Users_David_Downloads_demo-spring-firestore-main (1)_demo-spring-firestore-main] INFO  o.eclipse.m2e.core.internal.Bundles - 	Entry: C:\Users\David\.p2\pool\plugins\org.apache.commons.cli_1.6.0.jar
2024-05-25 09:00:01,142 [Worker-20: Launching Executing clean in C__Users_David_Downloads_demo-spring-firestore-main (1)_demo-spring-firestore-main] INFO  o.eclipse.m2e.core.internal.Bundles - getClasspathEntries(Bundle=org.apache.commons.commons-codec_1.16.0 [47])
2024-05-25 09:00:01,143 [Worker-20: Launching Executing clean in C__Users_David_Downloads_demo-spring-firestore-main (1)_demo-spring-firestore-main] INFO  o.eclipse.m2e.core.internal.Bundles - 	Entry: C:\Users\David\.p2\pool\plugins\org.apache.commons.commons-codec_1.16.0.jar
2024-05-25 09:00:01,143 [Worker-20: Launching Executing clean in C__Users_David_Downloads_demo-spring-firestore-main (1)_demo-spring-firestore-main] INFO  o.eclipse.m2e.core.internal.Bundles - getClasspathEntries(Bundle=org.apache.commons.lang3_3.14.0 [53])
2024-05-25 09:00:01,143 [Worker-20: Launching Executing clean in C__Users_David_Downloads_demo-spring-firestore-main (1)_demo-spring-firestore-main] INFO  o.eclipse.m2e.core.internal.Bundles - 	Entry: C:\Users\David\.p2\pool\plugins\org.apache.commons.lang3_3.14.0.jar
2024-05-25 09:00:01,143 [Worker-20: Launching Executing clean in C__Users_David_Downloads_demo-spring-firestore-main (1)_demo-spring-firestore-main] INFO  o.eclipse.m2e.core.internal.Bundles - getClasspathEntries(Bundle=com.google.guava.failureaccess_1.0.2 [11])
2024-05-25 09:00:01,143 [Worker-20: Launching Executing clean in C__Users_David_Downloads_demo-spring-firestore-main (1)_demo-spring-firestore-main] INFO  o.eclipse.m2e.core.internal.Bundles - 	Entry: C:\Users\David\.p2\pool\plugins\com.google.guava.failureaccess_1.0.2.jar
2024-05-25 09:00:01,146 [Worker-20: Launching Executing clean in C__Users_David_Downloads_demo-spring-firestore-main (1)_demo-spring-firestore-main] INFO  o.e.m.i.launch.MavenLaunchDelegate - Run build in "C:\Users\David\Downloads\demo-spring-firestore-main (1)\demo-spring-firestore-main":
2024-05-25 09:00:01,146 [Worker-20: Launching Executing clean in C__Users_David_Downloads_demo-spring-firestore-main (1)_demo-spring-firestore-main] INFO  o.e.m.i.launch.MavenLaunchDelegate -  mvn  -B -Dstyle.color=always clean
2024-05-25 09:00:02,853 [Worker-35: Building] INFO  o.e.m.c.i.embedder.EclipseLogger - Using 'UTF-8' encoding to copy filtered resources.
2024-05-25 09:00:02,853 [Worker-35: Building] INFO  o.e.m.c.i.embedder.EclipseLogger - Using 'UTF-8' encoding to copy filtered properties files.
2024-05-25 09:00:02,853 [Worker-35: Building] INFO  o.e.m.c.i.embedder.EclipseLogger - Copying 1 resource
2024-05-25 09:00:02,855 [Worker-35: Building] INFO  o.e.m.c.i.embedder.EclipseLogger - Copying 0 resource
2024-05-25 09:00:02,857 [Worker-35: Building] INFO  o.e.m.c.i.embedder.EclipseLogger - Using 'UTF-8' encoding to copy filtered resources.
2024-05-25 09:00:02,857 [Worker-35: Building] INFO  o.e.m.c.i.embedder.EclipseLogger - Using 'UTF-8' encoding to copy filtered properties files.
2024-05-25 09:00:02,857 [Worker-35: Building] INFO  o.e.m.c.i.embedder.EclipseLogger - skip non existing resourceDirectory C:\Users\David\Downloads\demo-spring-firestore-main (1)\demo-spring-firestore-main\src\test\resources
2024-05-25 09:00:13,778 [Worker-32: Launching Executing install in C__Users_David_Downloads_demo-spring-firestore-main (1)_demo-spring-firestore-main] INFO  o.eclipse.m2e.core.internal.Bundles - getClasspathEntries(Bundle=org.eclipse.m2e.maven.runtime_3.9.600.20231203-1234 [297])
2024-05-25 09:00:13,779 [Worker-32: Launching Executing install in C__Users_David_Downloads_demo-spring-firestore-main (1)_demo-spring-firestore-main] INFO  o.eclipse.m2e.core.internal.Bundles - 	Entry: C:\Users\David\.p2\pool\plugins\org.eclipse.m2e.maven.runtime_3.9.600.20231203-1234
2024-05-25 09:00:13,779 [Worker-32: Launching Executing install in C__Users_David_Downloads_demo-spring-firestore-main (1)_demo-spring-firestore-main] INFO  o.eclipse.m2e.core.internal.Bundles - 	Entry: C:\Users\David\.p2\pool\plugins\org.eclipse.m2e.maven.runtime_3.9.600.20231203-1234\jars\aopalliance-1.0.jar
2024-05-25 09:00:13,779 [Worker-32: Launching Executing install in C__Users_David_Downloads_demo-spring-firestore-main (1)_demo-spring-firestore-main] INFO  o.eclipse.m2e.core.internal.Bundles - 	Entry: C:\Users\David\.p2\pool\plugins\org.eclipse.m2e.maven.runtime_3.9.600.20231203-1234\jars\guice-5.1.0.jar
2024-05-25 09:00:13,779 [Worker-32: Launching Executing install in C__Users_David_Downloads_demo-spring-firestore-main (1)_demo-spring-firestore-main] INFO  o.eclipse.m2e.core.internal.Bundles - 	Entry: C:\Users\David\.p2\pool\plugins\org.eclipse.m2e.maven.runtime_3.9.600.20231203-1234\jars\httpclient-4.5.14.jar
2024-05-25 09:00:13,779 [Worker-32: Launching Executing install in C__Users_David_Downloads_demo-spring-firestore-main (1)_demo-spring-firestore-main] INFO  o.eclipse.m2e.core.internal.Bundles - 	Entry: C:\Users\David\.p2\pool\plugins\org.eclipse.m2e.maven.runtime_3.9.600.20231203-1234\jars\httpcore-4.4.16.jar
2024-05-25 09:00:13,779 [Worker-32: Launching Executing install in C__Users_David_Downloads_demo-spring-firestore-main (1)_demo-spring-firestore-main] INFO  o.eclipse.m2e.core.internal.Bundles - 	Entry: C:\Users\David\.p2\pool\plugins\org.eclipse.m2e.maven.runtime_3.9.600.20231203-1234\jars\jansi-2.4.0.jar
2024-05-25 09:00:13,779 [Worker-32: Launching Executing install in C__Users_David_Downloads_demo-spring-firestore-main (1)_demo-spring-firestore-main] INFO  o.eclipse.m2e.core.internal.Bundles - 	Entry: C:\Users\David\.p2\pool\plugins\org.eclipse.m2e.maven.runtime_3.9.600.20231203-1234\jars\jcl-over-slf4j-1.7.36.jar
2024-05-25 09:00:13,779 [Worker-32: Launching Executing install in C__Users_David_Downloads_demo-spring-firestore-main (1)_demo-spring-firestore-main] INFO  o.eclipse.m2e.core.internal.Bundles - 	Entry: C:\Users\David\.p2\pool\plugins\org.eclipse.m2e.maven.runtime_3.9.600.20231203-1234\jars\maven-artifact-3.9.6.jar
2024-05-25 09:00:13,779 [Worker-32: Launching Executing install in C__Users_David_Downloads_demo-spring-firestore-main (1)_demo-spring-firestore-main] INFO  o.eclipse.m2e.core.internal.Bundles - 	Entry: C:\Users\David\.p2\pool\plugins\org.eclipse.m2e.maven.runtime_3.9.600.20231203-1234\jars\maven-builder-support-3.9.6.jar
2024-05-25 09:00:13,779 [Worker-32: Launching Executing install in C__Users_David_Downloads_demo-spring-firestore-main (1)_demo-spring-firestore-main] INFO  o.eclipse.m2e.core.internal.Bundles - 	Entry: C:\Users\David\.p2\pool\plugins\org.eclipse.m2e.maven.runtime_3.9.600.20231203-1234\jars\maven-compat-3.9.6.jar
2024-05-25 09:00:13,779 [Worker-32: Launching Executing install in C__Users_David_Downloads_demo-spring-firestore-main (1)_demo-spring-firestore-main] INFO  o.eclipse.m2e.core.internal.Bundles - 	Entry: C:\Users\David\.p2\pool\plugins\org.eclipse.m2e.maven.runtime_3.9.600.20231203-1234\jars\maven-core-3.9.6.jar
2024-05-25 09:00:13,779 [Worker-32: Launching Executing install in C__Users_David_Downloads_demo-spring-firestore-main (1)_demo-spring-firestore-main] INFO  o.eclipse.m2e.core.internal.Bundles - 	Entry: C:\Users\David\.p2\pool\plugins\org.eclipse.m2e.maven.runtime_3.9.600.20231203-1234\jars\maven-embedder-3.9.6.jar
2024-05-25 09:00:13,779 [Worker-32: Launching Executing install in C__Users_David_Downloads_demo-spring-firestore-main (1)_demo-spring-firestore-main] INFO  o.eclipse.m2e.core.internal.Bundles - 	Entry: C:\Users\David\.p2\pool\plugins\org.eclipse.m2e.maven.runtime_3.9.600.20231203-1234\jars\maven-model-3.9.6.jar
2024-05-25 09:00:13,780 [Worker-32: Launching Executing install in C__Users_David_Downloads_demo-spring-firestore-main (1)_demo-spring-firestore-main] INFO  o.eclipse.m2e.core.internal.Bundles - 	Entry: C:\Users\David\.p2\pool\plugins\org.eclipse.m2e.maven.runtime_3.9.600.20231203-1234\jars\maven-model-builder-3.9.6.jar
2024-05-25 09:00:13,780 [Worker-32: Launching Executing install in C__Users_David_Downloads_demo-spring-firestore-main (1)_demo-spring-firestore-main] INFO  o.eclipse.m2e.core.internal.Bundles - 	Entry: C:\Users\David\.p2\pool\plugins\org.eclipse.m2e.maven.runtime_3.9.600.20231203-1234\jars\maven-plugin-api-3.9.6.jar
2024-05-25 09:00:13,780 [Worker-32: Launching Executing install in C__Users_David_Downloads_demo-spring-firestore-main (1)_demo-spring-firestore-main] INFO  o.eclipse.m2e.core.internal.Bundles - 	Entry: C:\Users\David\.p2\pool\plugins\org.eclipse.m2e.maven.runtime_3.9.600.20231203-1234\jars\maven-repository-metadata-3.9.6.jar
2024-05-25 09:00:13,780 [Worker-32: Launching Executing install in C__Users_David_Downloads_demo-spring-firestore-main (1)_demo-spring-firestore-main] INFO  o.eclipse.m2e.core.internal.Bundles - 	Entry: C:\Users\David\.p2\pool\plugins\org.eclipse.m2e.maven.runtime_3.9.600.20231203-1234\jars\maven-resolver-api-1.9.18.jar
2024-05-25 09:00:13,780 [Worker-32: Launching Executing install in C__Users_David_Downloads_demo-spring-firestore-main (1)_demo-spring-firestore-main] INFO  o.eclipse.m2e.core.internal.Bundles - 	Entry: C:\Users\David\.p2\pool\plugins\org.eclipse.m2e.maven.runtime_3.9.600.20231203-1234\jars\maven-resolver-connector-basic-1.9.18.jar
2024-05-25 09:00:13,780 [Worker-32: Launching Executing install in C__Users_David_Downloads_demo-spring-firestore-main (1)_demo-spring-firestore-main] INFO  o.eclipse.m2e.core.internal.Bundles - 	Entry: C:\Users\David\.p2\pool\plugins\org.eclipse.m2e.maven.runtime_3.9.600.20231203-1234\jars\maven-resolver-impl-1.9.18.jar
2024-05-25 09:00:13,780 [Worker-32: Launching Executing install in C__Users_David_Downloads_demo-spring-firestore-main (1)_demo-spring-firestore-main] INFO  o.eclipse.m2e.core.internal.Bundles - 	Entry: C:\Users\David\.p2\pool\plugins\org.eclipse.m2e.maven.runtime_3.9.600.20231203-1234\jars\maven-resolver-named-locks-1.9.18.jar
2024-05-25 09:00:13,780 [Worker-32: Launching Executing install in C__Users_David_Downloads_demo-spring-firestore-main (1)_demo-spring-firestore-main] INFO  o.eclipse.m2e.core.internal.Bundles - 	Entry: C:\Users\David\.p2\pool\plugins\org.eclipse.m2e.maven.runtime_3.9.600.20231203-1234\jars\maven-resolver-provider-3.9.6.jar
2024-05-25 09:00:13,780 [Worker-32: Launching Executing install in C__Users_David_Downloads_demo-spring-firestore-main (1)_demo-spring-firestore-main] INFO  o.eclipse.m2e.core.internal.Bundles - 	Entry: C:\Users\David\.p2\pool\plugins\org.eclipse.m2e.maven.runtime_3.9.600.20231203-1234\jars\maven-resolver-spi-1.9.18.jar
2024-05-25 09:00:13,780 [Worker-32: Launching Executing install in C__Users_David_Downloads_demo-spring-firestore-main (1)_demo-spring-firestore-main] INFO  o.eclipse.m2e.core.internal.Bundles - 	Entry: C:\Users\David\.p2\pool\plugins\org.eclipse.m2e.maven.runtime_3.9.600.20231203-1234\jars\maven-resolver-transport-file-1.9.18.jar
2024-05-25 09:00:13,780 [Worker-32: Launching Executing install in C__Users_David_Downloads_demo-spring-firestore-main (1)_demo-spring-firestore-main] INFO  o.eclipse.m2e.core.internal.Bundles - 	Entry: C:\Users\David\.p2\pool\plugins\org.eclipse.m2e.maven.runtime_3.9.600.20231203-1234\jars\maven-resolver-transport-http-1.9.18.jar
2024-05-25 09:00:13,780 [Worker-32: Launching Executing install in C__Users_David_Downloads_demo-spring-firestore-main (1)_demo-spring-firestore-main] INFO  o.eclipse.m2e.core.internal.Bundles - 	Entry: C:\Users\David\.p2\pool\plugins\org.eclipse.m2e.maven.runtime_3.9.600.20231203-1234\jars\maven-resolver-transport-wagon-1.9.18.jar
2024-05-25 09:00:13,780 [Worker-32: Launching Executing install in C__Users_David_Downloads_demo-spring-firestore-main (1)_demo-spring-firestore-main] INFO  o.eclipse.m2e.core.internal.Bundles - 	Entry: C:\Users\David\.p2\pool\plugins\org.eclipse.m2e.maven.runtime_3.9.600.20231203-1234\jars\maven-resolver-util-1.9.18.jar
2024-05-25 09:00:13,780 [Worker-32: Launching Executing install in C__Users_David_Downloads_demo-spring-firestore-main (1)_demo-spring-firestore-main] INFO  o.eclipse.m2e.core.internal.Bundles - 	Entry: C:\Users\David\.p2\pool\plugins\org.eclipse.m2e.maven.runtime_3.9.600.20231203-1234\jars\maven-settings-3.9.6.jar
2024-05-25 09:00:13,780 [Worker-32: Launching Executing install in C__Users_David_Downloads_demo-spring-firestore-main (1)_demo-spring-firestore-main] INFO  o.eclipse.m2e.core.internal.Bundles - 	Entry: C:\Users\David\.p2\pool\plugins\org.eclipse.m2e.maven.runtime_3.9.600.20231203-1234\jars\maven-settings-builder-3.9.6.jar
2024-05-25 09:00:13,780 [Worker-32: Launching Executing install in C__Users_David_Downloads_demo-spring-firestore-main (1)_demo-spring-firestore-main] INFO  o.eclipse.m2e.core.internal.Bundles - 	Entry: C:\Users\David\.p2\pool\plugins\org.eclipse.m2e.maven.runtime_3.9.600.20231203-1234\jars\maven-shared-utils-3.3.4.jar
2024-05-25 09:00:13,780 [Worker-32: Launching Executing install in C__Users_David_Downloads_demo-spring-firestore-main (1)_demo-spring-firestore-main] INFO  o.eclipse.m2e.core.internal.Bundles - 	Entry: C:\Users\David\.p2\pool\plugins\org.eclipse.m2e.maven.runtime_3.9.600.20231203-1234\jars\org.eclipse.sisu.inject-0.9.0.M2.jar
2024-05-25 09:00:13,780 [Worker-32: Launching Executing install in C__Users_David_Downloads_demo-spring-firestore-main (1)_demo-spring-firestore-main] INFO  o.eclipse.m2e.core.internal.Bundles - 	Entry: C:\Users\David\.p2\pool\plugins\org.eclipse.m2e.maven.runtime_3.9.600.20231203-1234\jars\org.eclipse.sisu.plexus-0.9.0.M2.jar
2024-05-25 09:00:13,780 [Worker-32: Launching Executing install in C__Users_David_Downloads_demo-spring-firestore-main (1)_demo-spring-firestore-main] INFO  o.eclipse.m2e.core.internal.Bundles - 	Entry: C:\Users\David\.p2\pool\plugins\org.eclipse.m2e.maven.runtime_3.9.600.20231203-1234\jars\plexus-build-api-0.0.7.jar
2024-05-25 09:00:13,781 [Worker-32: Launching Executing install in C__Users_David_Downloads_demo-spring-firestore-main (1)_demo-spring-firestore-main] INFO  o.eclipse.m2e.core.internal.Bundles - 	Entry: C:\Users\David\.p2\pool\plugins\org.eclipse.m2e.maven.runtime_3.9.600.20231203-1234\jars\plexus-cipher-2.0.jar
2024-05-25 09:00:13,781 [Worker-32: Launching Executing install in C__Users_David_Downloads_demo-spring-firestore-main (1)_demo-spring-firestore-main] INFO  o.eclipse.m2e.core.internal.Bundles - 	Entry: C:\Users\David\.p2\pool\plugins\org.eclipse.m2e.maven.runtime_3.9.600.20231203-1234\jars\plexus-classworlds-2.7.0.jar
2024-05-25 09:00:13,781 [Worker-32: Launching Executing install in C__Users_David_Downloads_demo-spring-firestore-main (1)_demo-spring-firestore-main] INFO  o.eclipse.m2e.core.internal.Bundles - 	Entry: C:\Users\David\.p2\pool\plugins\org.eclipse.m2e.maven.runtime_3.9.600.20231203-1234\jars\plexus-component-annotations-2.1.0.jar
2024-05-25 09:00:13,781 [Worker-32: Launching Executing install in C__Users_David_Downloads_demo-spring-firestore-main (1)_demo-spring-firestore-main] INFO  o.eclipse.m2e.core.internal.Bundles - 	Entry: C:\Users\David\.p2\pool\plugins\org.eclipse.m2e.maven.runtime_3.9.600.20231203-1234\jars\plexus-interpolation-1.26.jar
2024-05-25 09:00:13,781 [Worker-32: Launching Executing install in C__Users_David_Downloads_demo-spring-firestore-main (1)_demo-spring-firestore-main] INFO  o.eclipse.m2e.core.internal.Bundles - 	Entry: C:\Users\David\.p2\pool\plugins\org.eclipse.m2e.maven.runtime_3.9.600.20231203-1234\jars\plexus-sec-dispatcher-2.0.jar
2024-05-25 09:00:13,781 [Worker-32: Launching Executing install in C__Users_David_Downloads_demo-spring-firestore-main (1)_demo-spring-firestore-main] INFO  o.eclipse.m2e.core.internal.Bundles - 	Entry: C:\Users\David\.p2\pool\plugins\org.eclipse.m2e.maven.runtime_3.9.600.20231203-1234\jars\plexus-utils-3.5.1.jar
2024-05-25 09:00:13,781 [Worker-32: Launching Executing install in C__Users_David_Downloads_demo-spring-firestore-main (1)_demo-spring-firestore-main] INFO  o.eclipse.m2e.core.internal.Bundles - 	Entry: C:\Users\David\.p2\pool\plugins\org.eclipse.m2e.maven.runtime_3.9.600.20231203-1234\jars\wagon-file-3.5.3.jar
2024-05-25 09:00:13,781 [Worker-32: Launching Executing install in C__Users_David_Downloads_demo-spring-firestore-main (1)_demo-spring-firestore-main] INFO  o.eclipse.m2e.core.internal.Bundles - 	Entry: C:\Users\David\.p2\pool\plugins\org.eclipse.m2e.maven.runtime_3.9.600.20231203-1234\jars\wagon-http-3.5.3.jar
2024-05-25 09:00:13,781 [Worker-32: Launching Executing install in C__Users_David_Downloads_demo-spring-firestore-main (1)_demo-spring-firestore-main] INFO  o.eclipse.m2e.core.internal.Bundles - 	Entry: C:\Users\David\.p2\pool\plugins\org.eclipse.m2e.maven.runtime_3.9.600.20231203-1234\jars\wagon-http-shared-3.5.3.jar
2024-05-25 09:00:13,781 [Worker-32: Launching Executing install in C__Users_David_Downloads_demo-spring-firestore-main (1)_demo-spring-firestore-main] INFO  o.eclipse.m2e.core.internal.Bundles - 	Entry: C:\Users\David\.p2\pool\plugins\org.eclipse.m2e.maven.runtime_3.9.600.20231203-1234\jars\wagon-provider-api-3.5.3.jar
2024-05-25 09:00:13,781 [Worker-32: Launching Executing install in C__Users_David_Downloads_demo-spring-firestore-main (1)_demo-spring-firestore-main] INFO  o.eclipse.m2e.core.internal.Bundles - getClasspathEntries(Bundle=com.google.guava_33.0.0.jre [10])
2024-05-25 09:00:13,782 [Worker-32: Launching Executing install in C__Users_David_Downloads_demo-spring-firestore-main (1)_demo-spring-firestore-main] INFO  o.eclipse.m2e.core.internal.Bundles - 	Entry: C:\Users\David\.p2\pool\plugins\com.google.guava_33.0.0.jre.jar
2024-05-25 09:00:13,782 [Worker-32: Launching Executing install in C__Users_David_Downloads_demo-spring-firestore-main (1)_demo-spring-firestore-main] INFO  o.eclipse.m2e.core.internal.Bundles - getClasspathEntries(Bundle=slf4j.api_2.0.13 [519])
2024-05-25 09:00:13,782 [Worker-32: Launching Executing install in C__Users_David_Downloads_demo-spring-firestore-main (1)_demo-spring-firestore-main] INFO  o.eclipse.m2e.core.internal.Bundles - 	Entry: C:\Users\David\.p2\pool\plugins\slf4j.api_2.0.13.jar
2024-05-25 09:00:13,782 [Worker-32: Launching Executing install in C__Users_David_Downloads_demo-spring-firestore-main (1)_demo-spring-firestore-main] INFO  o.eclipse.m2e.core.internal.Bundles - getClasspathEntries(Bundle=jakarta.inject.jakarta.inject-api_1.0.5 [22])
2024-05-25 09:00:13,782 [Worker-32: Launching Executing install in C__Users_David_Downloads_demo-spring-firestore-main (1)_demo-spring-firestore-main] INFO  o.eclipse.m2e.core.internal.Bundles - 	Entry: C:\Users\David\.p2\pool\plugins\jakarta.inject.jakarta.inject-api_1.0.5.jar
2024-05-25 09:00:13,782 [Worker-32: Launching Executing install in C__Users_David_Downloads_demo-spring-firestore-main (1)_demo-spring-firestore-main] INFO  o.eclipse.m2e.core.internal.Bundles - getClasspathEntries(Bundle=jakarta.annotation-api_1.3.5 [20])
2024-05-25 09:00:13,782 [Worker-32: Launching Executing install in C__Users_David_Downloads_demo-spring-firestore-main (1)_demo-spring-firestore-main] INFO  o.eclipse.m2e.core.internal.Bundles - 	Entry: C:\Users\David\.p2\pool\plugins\jakarta.annotation-api_1.3.5.jar
2024-05-25 09:00:13,782 [Worker-32: Launching Executing install in C__Users_David_Downloads_demo-spring-firestore-main (1)_demo-spring-firestore-main] INFO  o.eclipse.m2e.core.internal.Bundles - getClasspathEntries(Bundle=org.apache.commons.cli_1.6.0 [46])
2024-05-25 09:00:13,782 [Worker-32: Launching Executing install in C__Users_David_Downloads_demo-spring-firestore-main (1)_demo-spring-firestore-main] INFO  o.eclipse.m2e.core.internal.Bundles - 	Entry: C:\Users\David\.p2\pool\plugins\org.apache.commons.cli_1.6.0.jar
2024-05-25 09:00:13,783 [Worker-32: Launching Executing install in C__Users_David_Downloads_demo-spring-firestore-main (1)_demo-spring-firestore-main] INFO  o.eclipse.m2e.core.internal.Bundles - getClasspathEntries(Bundle=org.apache.commons.commons-codec_1.16.0 [47])
2024-05-25 09:00:13,783 [Worker-32: Launching Executing install in C__Users_David_Downloads_demo-spring-firestore-main (1)_demo-spring-firestore-main] INFO  o.eclipse.m2e.core.internal.Bundles - 	Entry: C:\Users\David\.p2\pool\plugins\org.apache.commons.commons-codec_1.16.0.jar
2024-05-25 09:00:13,783 [Worker-32: Launching Executing install in C__Users_David_Downloads_demo-spring-firestore-main (1)_demo-spring-firestore-main] INFO  o.eclipse.m2e.core.internal.Bundles - getClasspathEntries(Bundle=org.apache.commons.lang3_3.14.0 [53])
2024-05-25 09:00:13,783 [Worker-32: Launching Executing install in C__Users_David_Downloads_demo-spring-firestore-main (1)_demo-spring-firestore-main] INFO  o.eclipse.m2e.core.internal.Bundles - 	Entry: C:\Users\David\.p2\pool\plugins\org.apache.commons.lang3_3.14.0.jar
2024-05-25 09:00:13,783 [Worker-32: Launching Executing install in C__Users_David_Downloads_demo-spring-firestore-main (1)_demo-spring-firestore-main] INFO  o.eclipse.m2e.core.internal.Bundles - getClasspathEntries(Bundle=com.google.guava.failureaccess_1.0.2 [11])
2024-05-25 09:00:13,784 [Worker-32: Launching Executing install in C__Users_David_Downloads_demo-spring-firestore-main (1)_demo-spring-firestore-main] INFO  o.eclipse.m2e.core.internal.Bundles - 	Entry: C:\Users\David\.p2\pool\plugins\com.google.guava.failureaccess_1.0.2.jar
2024-05-25 09:00:13,784 [Worker-32: Launching Executing install in C__Users_David_Downloads_demo-spring-firestore-main (1)_demo-spring-firestore-main] INFO  o.e.m.i.launch.MavenLaunchDelegate - Run build in "C:\Users\David\Downloads\demo-spring-firestore-main (1)\demo-spring-firestore-main":
2024-05-25 09:00:13,785 [Worker-32: Launching Executing install in C__Users_David_Downloads_demo-spring-firestore-main (1)_demo-spring-firestore-main] INFO  o.e.m.i.launch.MavenLaunchDelegate -  mvn  -B -Dstyle.color=always install
2024-05-25 09:00:21,737 [Worker-26: Building] INFO  o.e.m.c.i.embedder.EclipseLogger - Using 'UTF-8' encoding to copy filtered resources.
2024-05-25 09:00:21,737 [Worker-26: Building] INFO  o.e.m.c.i.embedder.EclipseLogger - Using 'UTF-8' encoding to copy filtered properties files.
2024-05-25 09:00:21,737 [Worker-26: Building] INFO  o.e.m.c.i.embedder.EclipseLogger - Copying 1 resource
2024-05-25 09:00:21,738 [Worker-26: Building] INFO  o.e.m.c.i.embedder.EclipseLogger - Copying 0 resource
2024-05-25 09:00:21,741 [Worker-26: Building] INFO  o.e.m.c.i.embedder.EclipseLogger - Using 'UTF-8' encoding to copy filtered resources.
2024-05-25 09:00:21,741 [Worker-26: Building] INFO  o.e.m.c.i.embedder.EclipseLogger - Using 'UTF-8' encoding to copy filtered properties files.
2024-05-25 09:00:21,741 [Worker-26: Building] INFO  o.e.m.c.i.embedder.EclipseLogger - skip non existing resourceDirectory C:\Users\David\Downloads\demo-spring-firestore-main (1)\demo-spring-firestore-main\src\test\resources
2024-05-25 09:02:37,612 [Worker-9: Building] INFO  o.e.m.c.i.embedder.EclipseLogger - Using 'UTF-8' encoding to copy filtered resources.
2024-05-25 09:02:37,612 [Worker-9: Building] INFO  o.e.m.c.i.embedder.EclipseLogger - Using 'UTF-8' encoding to copy filtered properties files.
2024-05-25 09:02:37,613 [Worker-9: Building] INFO  o.e.m.c.i.embedder.EclipseLogger - Copying 0 resource
2024-05-25 09:02:37,614 [Worker-9: Building] INFO  o.e.m.c.i.embedder.EclipseLogger - Copying 0 resource
2024-05-25 09:02:37,615 [Worker-9: Building] INFO  o.e.m.c.i.embedder.EclipseLogger - Using 'UTF-8' encoding to copy filtered resources.
2024-05-25 09:02:37,615 [Worker-9: Building] INFO  o.e.m.c.i.embedder.EclipseLogger - Using 'UTF-8' encoding to copy filtered properties files.
2024-05-25 09:02:37,615 [Worker-9: Building] INFO  o.e.m.c.i.embedder.EclipseLogger - skip non existing resourceDirectory C:\Users\David\Downloads\demo-spring-firestore-main (1)\demo-spring-firestore-main\src\test\resources
2024-05-25 09:02:40,327 [Worker-7: Building] INFO  o.e.m.c.i.embedder.EclipseLogger - Using 'UTF-8' encoding to copy filtered resources.
2024-05-25 09:02:40,327 [Worker-7: Building] INFO  o.e.m.c.i.embedder.EclipseLogger - Using 'UTF-8' encoding to copy filtered properties files.
2024-05-25 09:02:40,327 [Worker-7: Building] INFO  o.e.m.c.i.embedder.EclipseLogger - Copying 0 resource
2024-05-25 09:02:40,328 [Worker-7: Building] INFO  o.e.m.c.i.embedder.EclipseLogger - Copying 0 resource
2024-05-25 09:02:40,329 [Worker-7: Building] INFO  o.e.m.c.i.embedder.EclipseLogger - Using 'UTF-8' encoding to copy filtered resources.
2024-05-25 09:02:40,329 [Worker-7: Building] INFO  o.e.m.c.i.embedder.EclipseLogger - Using 'UTF-8' encoding to copy filtered properties files.
2024-05-25 09:02:40,329 [Worker-7: Building] INFO  o.e.m.c.i.embedder.EclipseLogger - skip non existing resourceDirectory C:\Users\David\Downloads\demo-spring-firestore-main (1)\demo-spring-firestore-main\src\test\resources
2024-05-25 09:03:02,514 [Worker-32: Building] INFO  o.e.m.c.i.embedder.EclipseLogger - Using 'UTF-8' encoding to copy filtered resources.
2024-05-25 09:03:02,514 [Worker-32: Building] INFO  o.e.m.c.i.embedder.EclipseLogger - Using 'UTF-8' encoding to copy filtered properties files.
2024-05-25 09:03:02,515 [Worker-32: Building] INFO  o.e.m.c.i.embedder.EclipseLogger - Copying 0 resource
2024-05-25 09:03:02,515 [Worker-32: Building] INFO  o.e.m.c.i.embedder.EclipseLogger - Copying 0 resource
2024-05-25 09:03:02,517 [Worker-32: Building] INFO  o.e.m.c.i.embedder.EclipseLogger - Using 'UTF-8' encoding to copy filtered resources.
2024-05-25 09:03:02,517 [Worker-32: Building] INFO  o.e.m.c.i.embedder.EclipseLogger - Using 'UTF-8' encoding to copy filtered properties files.
2024-05-25 09:03:02,517 [Worker-32: Building] INFO  o.e.m.c.i.embedder.EclipseLogger - skip non existing resourceDirectory C:\Users\David\Downloads\demo-spring-firestore-main (1)\demo-spring-firestore-main\src\test\resources
2024-05-25 09:03:07,346 [Worker-9: Building] INFO  o.e.m.c.i.embedder.EclipseLogger - Using 'UTF-8' encoding to copy filtered resources.
2024-05-25 09:03:07,346 [Worker-9: Building] INFO  o.e.m.c.i.embedder.EclipseLogger - Using 'UTF-8' encoding to copy filtered properties files.
2024-05-25 09:03:07,346 [Worker-9: Building] INFO  o.e.m.c.i.embedder.EclipseLogger - Copying 0 resource
2024-05-25 09:03:07,347 [Worker-9: Building] INFO  o.e.m.c.i.embedder.EclipseLogger - Copying 0 resource
2024-05-25 09:03:07,348 [Worker-9: Building] INFO  o.e.m.c.i.embedder.EclipseLogger - Using 'UTF-8' encoding to copy filtered resources.
2024-05-25 09:03:07,348 [Worker-9: Building] INFO  o.e.m.c.i.embedder.EclipseLogger - Using 'UTF-8' encoding to copy filtered properties files.
2024-05-25 09:03:07,348 [Worker-9: Building] INFO  o.e.m.c.i.embedder.EclipseLogger - skip non existing resourceDirectory C:\Users\David\Downloads\demo-spring-firestore-main (1)\demo-spring-firestore-main\src\test\resources
2024-05-25 09:04:46,139 [Worker-22: Building] INFO  o.e.m.c.i.embedder.EclipseLogger - Using 'UTF-8' encoding to copy filtered resources.
2024-05-25 09:04:46,139 [Worker-22: Building] INFO  o.e.m.c.i.embedder.EclipseLogger - Using 'UTF-8' encoding to copy filtered properties files.
2024-05-25 09:04:46,139 [Worker-22: Building] INFO  o.e.m.c.i.embedder.EclipseLogger - Copying 0 resource
2024-05-25 09:04:46,140 [Worker-22: Building] INFO  o.e.m.c.i.embedder.EclipseLogger - Copying 0 resource
2024-05-25 09:04:46,141 [Worker-22: Building] INFO  o.e.m.c.i.embedder.EclipseLogger - Using 'UTF-8' encoding to copy filtered resources.
2024-05-25 09:04:46,141 [Worker-22: Building] INFO  o.e.m.c.i.embedder.EclipseLogger - Using 'UTF-8' encoding to copy filtered properties files.
2024-05-25 09:04:46,141 [Worker-22: Building] INFO  o.e.m.c.i.embedder.EclipseLogger - skip non existing resourceDirectory C:\Users\David\Downloads\demo-spring-firestore-main (1)\demo-spring-firestore-main\src\test\resources
2024-05-25 09:04:56,423 [Worker-17: Building] INFO  o.e.m.c.i.embedder.EclipseLogger - Using 'UTF-8' encoding to copy filtered resources.
2024-05-25 09:04:56,424 [Worker-17: Building] INFO  o.e.m.c.i.embedder.EclipseLogger - Using 'UTF-8' encoding to copy filtered properties files.
2024-05-25 09:04:56,424 [Worker-17: Building] INFO  o.e.m.c.i.embedder.EclipseLogger - Copying 0 resource
2024-05-25 09:04:56,424 [Worker-17: Building] INFO  o.e.m.c.i.embedder.EclipseLogger - Copying 0 resource
2024-05-25 09:04:56,426 [Worker-17: Building] INFO  o.e.m.c.i.embedder.EclipseLogger - Using 'UTF-8' encoding to copy filtered resources.
2024-05-25 09:04:56,426 [Worker-17: Building] INFO  o.e.m.c.i.embedder.EclipseLogger - Using 'UTF-8' encoding to copy filtered properties files.
2024-05-25 09:04:56,426 [Worker-17: Building] INFO  o.e.m.c.i.embedder.EclipseLogger - skip non existing resourceDirectory C:\Users\David\Downloads\demo-spring-firestore-main (1)\demo-spring-firestore-main\src\test\resources
2024-05-25 10:50:09,988 [Worker-2: Loading available Gradle versions] INFO  o.e.b.c.i.u.g.PublishedGradleVersions - Gradle version information cache is up-to-date. Trying to read.
2024-05-25 10:50:22,985 [Worker-8: Building] INFO  o.e.m.c.i.l.LifecycleMappingFactory - Using org.eclipse.m2e.jdt.JarLifecycleMapping lifecycle mapping for MavenProject: com.example:demo-spring-firestore:0.0.1-SNAPSHOT @ C:\Users\David\Downloads\demo-spring-firestore-main (1)\demo-spring-firestore-main\pom.xml.
2024-05-25 10:50:27,583 [Worker-8: Building] INFO  o.e.m.c.i.embedder.EclipseLogger - Using 'UTF-8' encoding to copy filtered resources.
2024-05-25 10:50:27,583 [Worker-8: Building] INFO  o.e.m.c.i.embedder.EclipseLogger - Using 'UTF-8' encoding to copy filtered properties files.
2024-05-25 10:50:27,606 [Worker-8: Building] INFO  o.e.m.c.i.embedder.EclipseLogger - Copying 1 resource
2024-05-25 10:50:27,749 [Worker-8: Building] INFO  o.e.m.c.i.embedder.EclipseLogger - Copying 0 resource
2024-05-25 10:50:27,756 [Worker-8: Building] INFO  o.e.m.c.i.embedder.EclipseLogger - Using 'UTF-8' encoding to copy filtered resources.
2024-05-25 10:50:27,764 [Worker-8: Building] INFO  o.e.m.c.i.embedder.EclipseLogger - Using 'UTF-8' encoding to copy filtered properties files.
2024-05-25 10:50:27,764 [Worker-8: Building] INFO  o.e.m.c.i.embedder.EclipseLogger - skip non existing resourceDirectory C:\Users\David\Downloads\demo-spring-firestore-main (1)\demo-spring-firestore-main\src\test\resources
2024-05-25 10:50:30,071 [Worker-6: Building] INFO  o.e.m.c.i.embedder.EclipseLogger - Using 'UTF-8' encoding to copy filtered resources.
2024-05-25 10:50:30,071 [Worker-6: Building] INFO  o.e.m.c.i.embedder.EclipseLogger - Using 'UTF-8' encoding to copy filtered properties files.
2024-05-25 10:50:30,071 [Worker-6: Building] INFO  o.e.m.c.i.embedder.EclipseLogger - Copying 1 resource
2024-05-25 10:50:30,076 [Worker-6: Building] INFO  o.e.m.c.i.embedder.EclipseLogger - Copying 0 resource
2024-05-25 10:50:30,083 [Worker-6: Building] INFO  o.e.m.c.i.embedder.EclipseLogger - Using 'UTF-8' encoding to copy filtered resources.
2024-05-25 10:50:30,083 [Worker-6: Building] INFO  o.e.m.c.i.embedder.EclipseLogger - Using 'UTF-8' encoding to copy filtered properties files.
2024-05-25 10:50:30,083 [Worker-6: Building] INFO  o.e.m.c.i.embedder.EclipseLogger - skip non existing resourceDirectory C:\Users\David\Downloads\demo-spring-firestore-main (1)\demo-spring-firestore-main\src\test\resources
2024-05-25 10:54:08,312 [Worker-13: Building] INFO  o.e.m.c.i.embedder.EclipseLogger - Using 'UTF-8' encoding to copy filtered resources.
2024-05-25 10:54:08,313 [Worker-13: Building] INFO  o.e.m.c.i.embedder.EclipseLogger - Using 'UTF-8' encoding to copy filtered properties files.
2024-05-25 10:54:08,316 [Worker-13: Building] INFO  o.e.m.c.i.embedder.EclipseLogger - Copying 0 resource
2024-05-25 10:54:08,320 [Worker-13: Building] INFO  o.e.m.c.i.embedder.EclipseLogger - Copying 0 resource
2024-05-25 10:54:08,324 [Worker-13: Building] INFO  o.e.m.c.i.embedder.EclipseLogger - Using 'UTF-8' encoding to copy filtered resources.
2024-05-25 10:54:08,325 [Worker-13: Building] INFO  o.e.m.c.i.embedder.EclipseLogger - Using 'UTF-8' encoding to copy filtered properties files.
2024-05-25 10:54:08,325 [Worker-13: Building] INFO  o.e.m.c.i.embedder.EclipseLogger - skip non existing resourceDirectory C:\Users\David\Downloads\demo-spring-firestore-main (1)\demo-spring-firestore-main\src\test\resources
2024-05-25 10:54:22,007 [Worker-33: Building] INFO  o.e.m.c.i.embedder.EclipseLogger - Using 'UTF-8' encoding to copy filtered resources.
2024-05-25 10:54:22,007 [Worker-33: Building] INFO  o.e.m.c.i.embedder.EclipseLogger - Using 'UTF-8' encoding to copy filtered properties files.
2024-05-25 10:54:22,007 [Worker-33: Building] INFO  o.e.m.c.i.embedder.EclipseLogger - Copying 0 resource
2024-05-25 10:54:22,008 [Worker-33: Building] INFO  o.e.m.c.i.embedder.EclipseLogger - Copying 0 resource
2024-05-25 10:54:22,011 [Worker-33: Building] INFO  o.e.m.c.i.embedder.EclipseLogger - Using 'UTF-8' encoding to copy filtered resources.
2024-05-25 10:54:22,011 [Worker-33: Building] INFO  o.e.m.c.i.embedder.EclipseLogger - Using 'UTF-8' encoding to copy filtered properties files.
2024-05-25 10:54:22,011 [Worker-33: Building] INFO  o.e.m.c.i.embedder.EclipseLogger - skip non existing resourceDirectory C:\Users\David\Downloads\demo-spring-firestore-main (1)\demo-spring-firestore-main\src\test\resources
2024-05-25 10:54:23,070 [Worker-37: Building] INFO  o.e.m.c.i.embedder.EclipseLogger - Using 'UTF-8' encoding to copy filtered resources.
2024-05-25 10:54:23,074 [Worker-37: Building] INFO  o.e.m.c.i.embedder.EclipseLogger - Using 'UTF-8' encoding to copy filtered properties files.
2024-05-25 10:54:23,075 [Worker-37: Building] INFO  o.e.m.c.i.embedder.EclipseLogger - Copying 0 resource
2024-05-25 10:54:23,076 [Worker-37: Building] INFO  o.e.m.c.i.embedder.EclipseLogger - Copying 0 resource
2024-05-25 10:54:23,083 [Worker-37: Building] INFO  o.e.m.c.i.embedder.EclipseLogger - Using 'UTF-8' encoding to copy filtered resources.
2024-05-25 10:54:23,083 [Worker-37: Building] INFO  o.e.m.c.i.embedder.EclipseLogger - Using 'UTF-8' encoding to copy filtered properties files.
2024-05-25 10:54:23,083 [Worker-37: Building] INFO  o.e.m.c.i.embedder.EclipseLogger - skip non existing resourceDirectory C:\Users\David\Downloads\demo-spring-firestore-main (1)\demo-spring-firestore-main\src\test\resources
2024-05-25 10:54:24,189 [Worker-18: Building] INFO  o.e.m.c.i.embedder.EclipseLogger - Using 'UTF-8' encoding to copy filtered resources.
2024-05-25 10:54:24,189 [Worker-18: Building] INFO  o.e.m.c.i.embedder.EclipseLogger - Using 'UTF-8' encoding to copy filtered properties files.
2024-05-25 10:54:24,190 [Worker-18: Building] INFO  o.e.m.c.i.embedder.EclipseLogger - Copying 0 resource
2024-05-25 10:54:24,191 [Worker-18: Building] INFO  o.e.m.c.i.embedder.EclipseLogger - Copying 0 resource
2024-05-25 10:54:24,198 [Worker-18: Building] INFO  o.e.m.c.i.embedder.EclipseLogger - Using 'UTF-8' encoding to copy filtered resources.
2024-05-25 10:54:24,198 [Worker-18: Building] INFO  o.e.m.c.i.embedder.EclipseLogger - Using 'UTF-8' encoding to copy filtered properties files.
2024-05-25 10:54:24,198 [Worker-18: Building] INFO  o.e.m.c.i.embedder.EclipseLogger - skip non existing resourceDirectory C:\Users\David\Downloads\demo-spring-firestore-main (1)\demo-spring-firestore-main\src\test\resources
2024-05-25 10:56:08,423 [Worker-24: Building] INFO  o.e.m.c.i.embedder.EclipseLogger - Using 'UTF-8' encoding to copy filtered resources.
2024-05-25 10:56:08,423 [Worker-24: Building] INFO  o.e.m.c.i.embedder.EclipseLogger - Using 'UTF-8' encoding to copy filtered properties files.
2024-05-25 10:56:08,424 [Worker-24: Building] INFO  o.e.m.c.i.embedder.EclipseLogger - Copying 1 resource
2024-05-25 10:56:08,433 [Worker-24: Building] INFO  o.e.m.c.i.embedder.EclipseLogger - Copying 0 resource
2024-05-25 10:56:08,437 [Worker-24: Building] INFO  o.e.m.c.i.embedder.EclipseLogger - Using 'UTF-8' encoding to copy filtered resources.
2024-05-25 10:56:08,437 [Worker-24: Building] INFO  o.e.m.c.i.embedder.EclipseLogger - Using 'UTF-8' encoding to copy filtered properties files.
2024-05-25 10:56:08,437 [Worker-24: Building] INFO  o.e.m.c.i.embedder.EclipseLogger - skip non existing resourceDirectory C:\Users\David\Downloads\demo-spring-firestore-main (1)\demo-spring-firestore-main\src\test\resources
2024-06-05 15:50:33,676 [Worker-6: Loading available Gradle versions] INFO  o.e.b.c.i.u.g.PublishedGradleVersions - Gradle version information cache is out-of-date. Trying to update.
2024-06-05 15:50:36,686 [Worker-3: Building] INFO  o.e.m.c.i.e.AbstractTransferListenerAdapter - Downloading https://repo.maven.apache.org/maven2/com/google/errorprone/error_prone_annotations/maven-metadata.xml
2024-06-05 15:50:36,694 [Worker-3: Building] INFO  o.e.m.c.i.e.AbstractTransferListenerAdapter - Downloaded https://repo.maven.apache.org/maven2/com/google/errorprone/error_prone_annotations/maven-metadata.xml
2024-06-05 15:50:37,164 [Worker-3: Building] INFO  o.e.m.c.i.embedder.EclipseLogger - Using 'UTF-8' encoding to copy filtered resources.
2024-06-05 15:50:37,164 [Worker-3: Building] INFO  o.e.m.c.i.embedder.EclipseLogger - Using 'UTF-8' encoding to copy filtered properties files.
2024-06-05 15:50:37,167 [Worker-3: Building] INFO  o.e.m.c.i.embedder.EclipseLogger - Copying 1 resource
2024-06-05 15:50:37,178 [Worker-3: Building] INFO  o.e.m.c.i.embedder.EclipseLogger - Copying 0 resource
2024-06-05 15:50:37,184 [Worker-3: Building] INFO  o.e.m.c.i.embedder.EclipseLogger - Using 'UTF-8' encoding to copy filtered resources.
2024-06-05 15:50:37,184 [Worker-3: Building] INFO  o.e.m.c.i.embedder.EclipseLogger - Using 'UTF-8' encoding to copy filtered properties files.
2024-06-05 15:50:37,184 [Worker-3: Building] INFO  o.e.m.c.i.embedder.EclipseLogger - skip non existing resourceDirectory C:\Users\David\Downloads\demo-spring-firestore-main (1)\demo-spring-firestore-main\src\test\resources
2024-06-05 15:52:15,858 [Worker-6: Loading available Gradle versions] INFO  o.e.b.c.i.u.g.PublishedGradleVersions - Gradle version information cache is up-to-date. Trying to read.
2024-06-05 15:52:18,946 [Worker-16: Building] INFO  o.e.m.c.i.embedder.EclipseLogger - Using 'UTF-8' encoding to copy filtered resources.
2024-06-05 15:52:18,948 [Worker-16: Building] INFO  o.e.m.c.i.embedder.EclipseLogger - Using 'UTF-8' encoding to copy filtered properties files.
2024-06-05 15:52:18,961 [Worker-16: Building] INFO  o.e.m.c.i.embedder.EclipseLogger - Copying 1 resource
2024-06-05 15:52:18,998 [Worker-16: Building] INFO  o.e.m.c.i.embedder.EclipseLogger - Copying 0 resource
2024-06-05 15:52:19,005 [Worker-16: Building] INFO  o.e.m.c.i.embedder.EclipseLogger - Using 'UTF-8' encoding to copy filtered resources.
2024-06-05 15:52:19,005 [Worker-16: Building] INFO  o.e.m.c.i.embedder.EclipseLogger - Using 'UTF-8' encoding to copy filtered properties files.
2024-06-05 15:52:19,005 [Worker-16: Building] INFO  o.e.m.c.i.embedder.EclipseLogger - skip non existing resourceDirectory C:\Users\David\Downloads\demo-spring-firestore-main (1)\demo-spring-firestore-main\src\test\resources
2024-06-05 21:48:49,773 [Worker-53: Building] INFO  o.e.m.c.i.embedder.EclipseLogger - Using 'UTF-8' encoding to copy filtered resources.
2024-06-05 21:48:49,773 [Worker-53: Building] INFO  o.e.m.c.i.embedder.EclipseLogger - Using 'UTF-8' encoding to copy filtered properties files.
2024-06-05 21:48:49,777 [Worker-53: Building] INFO  o.e.m.c.i.embedder.EclipseLogger - Copying 1 resource
2024-06-05 21:48:49,795 [Worker-53: Building] INFO  o.e.m.c.i.embedder.EclipseLogger - Copying 0 resource
2024-06-05 21:48:49,801 [Worker-53: Building] INFO  o.e.m.c.i.embedder.EclipseLogger - Using 'UTF-8' encoding to copy filtered resources.
2024-06-05 21:48:49,801 [Worker-53: Building] INFO  o.e.m.c.i.embedder.EclipseLogger - Using 'UTF-8' encoding to copy filtered properties files.
2024-06-05 21:48:49,801 [Worker-53: Building] INFO  o.e.m.c.i.embedder.EclipseLogger - skip non existing resourceDirectory C:\Users\David\Downloads\demo-spring-firestore-main (1)\demo-spring-firestore-main\src\test\resources
2024-06-06 11:35:13,208 [Worker-77: Building] INFO  o.e.m.c.i.embedder.EclipseLogger - Using 'UTF-8' encoding to copy filtered resources.
2024-06-06 11:35:13,210 [Worker-77: Building] INFO  o.e.m.c.i.embedder.EclipseLogger - Using 'UTF-8' encoding to copy filtered properties files.
2024-06-06 11:35:13,211 [Worker-77: Building] INFO  o.e.m.c.i.embedder.EclipseLogger - Copying 1 resource
2024-06-06 11:35:13,260 [Worker-77: Building] INFO  o.e.m.c.i.embedder.EclipseLogger - Copying 0 resource
2024-06-06 11:35:13,273 [Worker-77: Building] INFO  o.e.m.c.i.embedder.EclipseLogger - Using 'UTF-8' encoding to copy filtered resources.
2024-06-06 11:35:13,274 [Worker-77: Building] INFO  o.e.m.c.i.embedder.EclipseLogger - Using 'UTF-8' encoding to copy filtered properties files.
2024-06-06 11:35:13,274 [Worker-77: Building] INFO  o.e.m.c.i.embedder.EclipseLogger - skip non existing resourceDirectory C:\Users\David\Downloads\demo-spring-firestore-main (1)\demo-spring-firestore-main\src\test\resources
2024-06-06 11:35:29,964 [Worker-39: Building] INFO  o.e.m.c.i.embedder.EclipseLogger - Using 'UTF-8' encoding to copy filtered resources.
2024-06-06 11:35:29,964 [Worker-39: Building] INFO  o.e.m.c.i.embedder.EclipseLogger - Using 'UTF-8' encoding to copy filtered properties files.
2024-06-06 11:35:29,968 [Worker-39: Building] INFO  o.e.m.c.i.embedder.EclipseLogger - Copying 1 resource
2024-06-06 11:35:30,093 [Worker-39: Building] INFO  o.e.m.c.i.embedder.EclipseLogger - Copying 0 resource
2024-06-06 11:35:30,101 [Worker-39: Building] INFO  o.e.m.c.i.embedder.EclipseLogger - Using 'UTF-8' encoding to copy filtered resources.
2024-06-06 11:35:30,101 [Worker-39: Building] INFO  o.e.m.c.i.embedder.EclipseLogger - Using 'UTF-8' encoding to copy filtered properties files.
2024-06-06 11:35:30,103 [Worker-39: Building] INFO  o.e.m.c.i.embedder.EclipseLogger - skip non existing resourceDirectory C:\Users\David\Downloads\demo-spring-firestore-main (1)\demo-spring-firestore-main\src\test\resources
2024-06-06 11:35:52,204 [Worker-77: Building] INFO  o.e.m.c.i.embedder.EclipseLogger - Using 'UTF-8' encoding to copy filtered resources.
2024-06-06 11:35:52,204 [Worker-77: Building] INFO  o.e.m.c.i.embedder.EclipseLogger - Using 'UTF-8' encoding to copy filtered properties files.
2024-06-06 11:35:52,205 [Worker-77: Building] INFO  o.e.m.c.i.embedder.EclipseLogger - Copying 1 resource
2024-06-06 11:35:52,213 [Worker-77: Building] INFO  o.e.m.c.i.embedder.EclipseLogger - Copying 0 resource
2024-06-06 11:35:52,220 [Worker-77: Building] INFO  o.e.m.c.i.embedder.EclipseLogger - Using 'UTF-8' encoding to copy filtered resources.
2024-06-06 11:35:52,220 [Worker-77: Building] INFO  o.e.m.c.i.embedder.EclipseLogger - Using 'UTF-8' encoding to copy filtered properties files.
2024-06-06 11:35:52,220 [Worker-77: Building] INFO  o.e.m.c.i.embedder.EclipseLogger - skip non existing resourceDirectory C:\Users\David\Downloads\demo-spring-firestore-main (1)\demo-spring-firestore-main\src\test\resources
2024-06-06 11:36:11,389 [Worker-80: Building] INFO  o.e.m.c.i.embedder.EclipseLogger - Using 'UTF-8' encoding to copy filtered resources.
2024-06-06 11:36:11,391 [Worker-80: Building] INFO  o.e.m.c.i.embedder.EclipseLogger - Using 'UTF-8' encoding to copy filtered properties files.
2024-06-06 11:36:11,394 [Worker-80: Building] INFO  o.e.m.c.i.embedder.EclipseLogger - Copying 1 resource
2024-06-06 11:36:11,404 [Worker-80: Building] INFO  o.e.m.c.i.embedder.EclipseLogger - Copying 0 resource
2024-06-06 11:36:11,528 [Worker-80: Building] INFO  o.e.m.c.i.embedder.EclipseLogger - Using 'UTF-8' encoding to copy filtered resources.
2024-06-06 11:36:11,529 [Worker-80: Building] INFO  o.e.m.c.i.embedder.EclipseLogger - Using 'UTF-8' encoding to copy filtered properties files.
2024-06-06 11:36:11,529 [Worker-80: Building] INFO  o.e.m.c.i.embedder.EclipseLogger - skip non existing resourceDirectory C:\Users\David\Downloads\demo-spring-firestore-main (1)\demo-spring-firestore-main\src\test\resources
2024-06-06 11:37:01,171 [Worker-78: Building] INFO  o.e.m.c.i.embedder.EclipseLogger - Using 'UTF-8' encoding to copy filtered resources.
2024-06-06 11:37:01,171 [Worker-78: Building] INFO  o.e.m.c.i.embedder.EclipseLogger - Using 'UTF-8' encoding to copy filtered properties files.
2024-06-06 11:37:01,172 [Worker-78: Building] INFO  o.e.m.c.i.embedder.EclipseLogger - Copying 1 resource
2024-06-06 11:37:01,177 [Worker-78: Building] INFO  o.e.m.c.i.embedder.EclipseLogger - Copying 0 resource
2024-06-06 11:37:01,185 [Worker-78: Building] INFO  o.e.m.c.i.embedder.EclipseLogger - Using 'UTF-8' encoding to copy filtered resources.
2024-06-06 11:37:01,185 [Worker-78: Building] INFO  o.e.m.c.i.embedder.EclipseLogger - Using 'UTF-8' encoding to copy filtered properties files.
2024-06-06 11:37:01,185 [Worker-78: Building] INFO  o.e.m.c.i.embedder.EclipseLogger - skip non existing resourceDirectory C:\Users\David\Downloads\demo-spring-firestore-main (1)\demo-spring-firestore-main\src\test\resources
2024-06-06 11:38:12,928 [Worker-81: Building] INFO  o.e.m.c.i.embedder.EclipseLogger - Using 'UTF-8' encoding to copy filtered resources.
2024-06-06 11:38:12,929 [Worker-81: Building] INFO  o.e.m.c.i.embedder.EclipseLogger - Using 'UTF-8' encoding to copy filtered properties files.
2024-06-06 11:38:12,929 [Worker-81: Building] INFO  o.e.m.c.i.embedder.EclipseLogger - Copying 1 resource
2024-06-06 11:38:12,934 [Worker-81: Building] INFO  o.e.m.c.i.embedder.EclipseLogger - Copying 0 resource
2024-06-06 11:38:12,939 [Worker-81: Building] INFO  o.e.m.c.i.embedder.EclipseLogger - Using 'UTF-8' encoding to copy filtered resources.
2024-06-06 11:38:12,939 [Worker-81: Building] INFO  o.e.m.c.i.embedder.EclipseLogger - Using 'UTF-8' encoding to copy filtered properties files.
2024-06-06 11:38:12,939 [Worker-81: Building] INFO  o.e.m.c.i.embedder.EclipseLogger - skip non existing resourceDirectory C:\Users\David\Downloads\demo-spring-firestore-main (1)\demo-spring-firestore-main\src\test\resources
2024-06-06 11:42:46,253 [Worker-75: Building] INFO  o.e.m.c.i.embedder.EclipseLogger - Using 'UTF-8' encoding to copy filtered resources.
2024-06-06 11:42:46,253 [Worker-75: Building] INFO  o.e.m.c.i.embedder.EclipseLogger - Using 'UTF-8' encoding to copy filtered properties files.
2024-06-06 11:42:46,253 [Worker-75: Building] INFO  o.e.m.c.i.embedder.EclipseLogger - Copying 1 resource
2024-06-06 11:42:46,262 [Worker-75: Building] INFO  o.e.m.c.i.embedder.EclipseLogger - Copying 0 resource
2024-06-06 11:42:46,267 [Worker-75: Building] INFO  o.e.m.c.i.embedder.EclipseLogger - Using 'UTF-8' encoding to copy filtered resources.
2024-06-06 11:42:46,267 [Worker-75: Building] INFO  o.e.m.c.i.embedder.EclipseLogger - Using 'UTF-8' encoding to copy filtered properties files.
2024-06-06 11:42:46,267 [Worker-75: Building] INFO  o.e.m.c.i.embedder.EclipseLogger - skip non existing resourceDirectory C:\Users\David\Downloads\demo-spring-firestore-main (1)\demo-spring-firestore-main\src\test\resources
2024-06-06 11:43:41,954 [Worker-81: Building] INFO  o.e.m.c.i.embedder.EclipseLogger - Using 'UTF-8' encoding to copy filtered resources.
2024-06-06 11:43:41,954 [Worker-81: Building] INFO  o.e.m.c.i.embedder.EclipseLogger - Using 'UTF-8' encoding to copy filtered properties files.
2024-06-06 11:43:41,955 [Worker-81: Building] INFO  o.e.m.c.i.embedder.EclipseLogger - Copying 1 resource
2024-06-06 11:43:41,960 [Worker-81: Building] INFO  o.e.m.c.i.embedder.EclipseLogger - Copying 0 resource
2024-06-06 11:43:41,965 [Worker-81: Building] INFO  o.e.m.c.i.embedder.EclipseLogger - Using 'UTF-8' encoding to copy filtered resources.
2024-06-06 11:43:41,965 [Worker-81: Building] INFO  o.e.m.c.i.embedder.EclipseLogger - Using 'UTF-8' encoding to copy filtered properties files.
2024-06-06 11:43:41,965 [Worker-81: Building] INFO  o.e.m.c.i.embedder.EclipseLogger - skip non existing resourceDirectory C:\Users\David\Downloads\demo-spring-firestore-main (1)\demo-spring-firestore-main\src\test\resources
2024-06-06 11:44:31,558 [Worker-39: Building] INFO  o.e.m.c.i.embedder.EclipseLogger - Using 'UTF-8' encoding to copy filtered resources.
2024-06-06 11:44:31,559 [Worker-39: Building] INFO  o.e.m.c.i.embedder.EclipseLogger - Using 'UTF-8' encoding to copy filtered properties files.
2024-06-06 11:44:31,559 [Worker-39: Building] INFO  o.e.m.c.i.embedder.EclipseLogger - Copying 1 resource
2024-06-06 11:44:31,564 [Worker-39: Building] INFO  o.e.m.c.i.embedder.EclipseLogger - Copying 0 resource
2024-06-06 11:44:31,568 [Worker-39: Building] INFO  o.e.m.c.i.embedder.EclipseLogger - Using 'UTF-8' encoding to copy filtered resources.
2024-06-06 11:44:31,568 [Worker-39: Building] INFO  o.e.m.c.i.embedder.EclipseLogger - Using 'UTF-8' encoding to copy filtered properties files.
2024-06-06 11:44:31,568 [Worker-39: Building] INFO  o.e.m.c.i.embedder.EclipseLogger - skip non existing resourceDirectory C:\Users\David\Downloads\demo-spring-firestore-main (1)\demo-spring-firestore-main\src\test\resources
2024-06-06 11:45:01,395 [Worker-81: Building] INFO  o.e.m.c.i.embedder.EclipseLogger - Using 'UTF-8' encoding to copy filtered resources.
2024-06-06 11:45:01,395 [Worker-81: Building] INFO  o.e.m.c.i.embedder.EclipseLogger - Using 'UTF-8' encoding to copy filtered properties files.
2024-06-06 11:45:01,396 [Worker-81: Building] INFO  o.e.m.c.i.embedder.EclipseLogger - Copying 1 resource
2024-06-06 11:45:01,400 [Worker-81: Building] INFO  o.e.m.c.i.embedder.EclipseLogger - Copying 0 resource
2024-06-06 11:45:01,404 [Worker-81: Building] INFO  o.e.m.c.i.embedder.EclipseLogger - Using 'UTF-8' encoding to copy filtered resources.
2024-06-06 11:45:01,404 [Worker-81: Building] INFO  o.e.m.c.i.embedder.EclipseLogger - Using 'UTF-8' encoding to copy filtered properties files.
2024-06-06 11:45:01,404 [Worker-81: Building] INFO  o.e.m.c.i.embedder.EclipseLogger - skip non existing resourceDirectory C:\Users\David\Downloads\demo-spring-firestore-main (1)\demo-spring-firestore-main\src\test\resources
2024-06-06 11:50:47,936 [Worker-78: Building] INFO  o.e.m.c.i.embedder.EclipseLogger - Using 'UTF-8' encoding to copy filtered resources.
2024-06-06 11:50:47,936 [Worker-78: Building] INFO  o.e.m.c.i.embedder.EclipseLogger - Using 'UTF-8' encoding to copy filtered properties files.
2024-06-06 11:50:47,937 [Worker-78: Building] INFO  o.e.m.c.i.embedder.EclipseLogger - Copying 1 resource
2024-06-06 11:50:47,965 [Worker-78: Building] INFO  o.e.m.c.i.embedder.EclipseLogger - Copying 0 resource
2024-06-06 11:50:47,976 [Worker-78: Building] INFO  o.e.m.c.i.embedder.EclipseLogger - Using 'UTF-8' encoding to copy filtered resources.
2024-06-06 11:50:47,977 [Worker-78: Building] INFO  o.e.m.c.i.embedder.EclipseLogger - Using 'UTF-8' encoding to copy filtered properties files.
2024-06-06 11:50:47,977 [Worker-78: Building] INFO  o.e.m.c.i.embedder.EclipseLogger - skip non existing resourceDirectory C:\Users\David\Downloads\demo-spring-firestore-main (1)\demo-spring-firestore-main\src\test\resources
2024-06-06 12:14:30,909 [Worker-7: Loading available Gradle versions] INFO  o.e.b.c.i.u.g.PublishedGradleVersions - Gradle version information cache is up-to-date. Trying to read.
2024-06-06 12:17:44,931 [Worker-27: Launching New_configuration (4)] INFO  o.e.m.c.i.e.AbstractTransferListenerAdapter - Downloading https://repo.maven.apache.org/maven2/com/google/errorprone/error_prone_annotations/maven-metadata.xml
2024-06-06 12:17:44,942 [Worker-27: Launching New_configuration (4)] INFO  o.e.m.c.i.e.AbstractTransferListenerAdapter - Downloaded https://repo.maven.apache.org/maven2/com/google/errorprone/error_prone_annotations/maven-metadata.xml
2024-06-06 18:42:50,343 [Worker-4: Loading available Gradle versions] INFO  o.e.b.c.i.u.g.PublishedGradleVersions - Gradle version information cache is out-of-date. Trying to update.
2024-06-06 18:52:08,273 [Worker-39: Building] INFO  o.e.m.c.i.embedder.EclipseLogger - Using 'UTF-8' encoding to copy filtered resources.
2024-06-06 18:52:08,274 [Worker-39: Building] INFO  o.e.m.c.i.embedder.EclipseLogger - Using 'UTF-8' encoding to copy filtered properties files.
2024-06-06 18:52:08,280 [Worker-39: Building] INFO  o.e.m.c.i.embedder.EclipseLogger - Copying 1 resource
2024-06-06 18:52:08,301 [Worker-39: Building] INFO  o.e.m.c.i.embedder.EclipseLogger - Copying 0 resource
2024-06-06 18:52:08,305 [Worker-39: Building] INFO  o.e.m.c.i.embedder.EclipseLogger - Using 'UTF-8' encoding to copy filtered resources.
2024-06-06 18:52:08,305 [Worker-39: Building] INFO  o.e.m.c.i.embedder.EclipseLogger - Using 'UTF-8' encoding to copy filtered properties files.
2024-06-06 18:52:08,305 [Worker-39: Building] INFO  o.e.m.c.i.embedder.EclipseLogger - skip non existing resourceDirectory C:\Users\David\Downloads\demo-spring-firestore-main (1)\demo-spring-firestore-main\src\test\resources
2024-06-06 18:54:25,187 [Worker-5: Building] INFO  o.e.m.c.i.embedder.EclipseLogger - Using 'UTF-8' encoding to copy filtered resources.
2024-06-06 18:54:25,188 [Worker-5: Building] INFO  o.e.m.c.i.embedder.EclipseLogger - Using 'UTF-8' encoding to copy filtered properties files.
2024-06-06 18:54:25,190 [Worker-5: Building] INFO  o.e.m.c.i.embedder.EclipseLogger - Copying 1 resource
2024-06-06 18:54:25,198 [Worker-5: Building] INFO  o.e.m.c.i.embedder.EclipseLogger - Copying 0 resource
2024-06-06 18:54:25,201 [Worker-5: Building] INFO  o.e.m.c.i.embedder.EclipseLogger - Using 'UTF-8' encoding to copy filtered resources.
2024-06-06 18:54:25,201 [Worker-5: Building] INFO  o.e.m.c.i.embedder.EclipseLogger - Using 'UTF-8' encoding to copy filtered properties files.
2024-06-06 18:54:25,201 [Worker-5: Building] INFO  o.e.m.c.i.embedder.EclipseLogger - skip non existing resourceDirectory C:\Users\David\Downloads\demo-spring-firestore-main (1)\demo-spring-firestore-main\src\test\resources
2024-06-06 19:01:26,035 [Worker-42: Building] INFO  o.e.m.c.i.embedder.EclipseLogger - Using 'UTF-8' encoding to copy filtered resources.
2024-06-06 19:01:26,036 [Worker-42: Building] INFO  o.e.m.c.i.embedder.EclipseLogger - Using 'UTF-8' encoding to copy filtered properties files.
2024-06-06 19:01:26,036 [Worker-42: Building] INFO  o.e.m.c.i.embedder.EclipseLogger - Copying 1 resource
2024-06-06 19:01:26,042 [Worker-42: Building] INFO  o.e.m.c.i.embedder.EclipseLogger - Copying 0 resource
2024-06-06 19:01:26,045 [Worker-42: Building] INFO  o.e.m.c.i.embedder.EclipseLogger - Using 'UTF-8' encoding to copy filtered resources.
2024-06-06 19:01:26,045 [Worker-42: Building] INFO  o.e.m.c.i.embedder.EclipseLogger - Using 'UTF-8' encoding to copy filtered properties files.
2024-06-06 19:01:26,045 [Worker-42: Building] INFO  o.e.m.c.i.embedder.EclipseLogger - skip non existing resourceDirectory C:\Users\David\Downloads\demo-spring-firestore-main (1)\demo-spring-firestore-main\src\test\resources
2024-06-06 19:13:11,247 [Worker-45: Building] INFO  o.e.m.c.i.embedder.EclipseLogger - Using 'UTF-8' encoding to copy filtered resources.
2024-06-06 19:13:11,247 [Worker-45: Building] INFO  o.e.m.c.i.embedder.EclipseLogger - Using 'UTF-8' encoding to copy filtered properties files.
2024-06-06 19:13:11,247 [Worker-45: Building] INFO  o.e.m.c.i.embedder.EclipseLogger - Copying 1 resource
2024-06-06 19:13:11,253 [Worker-45: Building] INFO  o.e.m.c.i.embedder.EclipseLogger - Copying 0 resource
2024-06-06 19:13:11,255 [Worker-45: Building] INFO  o.e.m.c.i.embedder.EclipseLogger - Using 'UTF-8' encoding to copy filtered resources.
2024-06-06 19:13:11,255 [Worker-45: Building] INFO  o.e.m.c.i.embedder.EclipseLogger - Using 'UTF-8' encoding to copy filtered properties files.
2024-06-06 19:13:11,255 [Worker-45: Building] INFO  o.e.m.c.i.embedder.EclipseLogger - skip non existing resourceDirectory C:\Users\David\Downloads\demo-spring-firestore-main (1)\demo-spring-firestore-main\src\test\resources
2024-06-06 19:17:24,703 [Worker-42: Building] INFO  o.e.m.c.i.embedder.EclipseLogger - Using 'UTF-8' encoding to copy filtered resources.
2024-06-06 19:17:24,703 [Worker-42: Building] INFO  o.e.m.c.i.embedder.EclipseLogger - Using 'UTF-8' encoding to copy filtered properties files.
2024-06-06 19:17:24,703 [Worker-42: Building] INFO  o.e.m.c.i.embedder.EclipseLogger - Copying 1 resource
2024-06-06 19:17:24,708 [Worker-42: Building] INFO  o.e.m.c.i.embedder.EclipseLogger - Copying 0 resource
2024-06-06 19:17:24,711 [Worker-42: Building] INFO  o.e.m.c.i.embedder.EclipseLogger - Using 'UTF-8' encoding to copy filtered resources.
2024-06-06 19:17:24,711 [Worker-42: Building] INFO  o.e.m.c.i.embedder.EclipseLogger - Using 'UTF-8' encoding to copy filtered properties files.
2024-06-06 19:17:24,711 [Worker-42: Building] INFO  o.e.m.c.i.embedder.EclipseLogger - skip non existing resourceDirectory C:\Users\David\Downloads\demo-spring-firestore-main (1)\demo-spring-firestore-main\src\test\resources
2024-06-06 19:21:39,238 [Worker-2: Loading available Gradle versions] INFO  o.e.b.c.i.u.g.PublishedGradleVersions - Gradle version information cache is up-to-date. Trying to read.
2024-06-06 19:22:02,122 [Worker-8: Launching New_configuration (4)] INFO  o.e.m.c.i.embedder.EclipseLogger - Using 'UTF-8' encoding to copy filtered resources.
2024-06-06 19:22:02,123 [Worker-8: Launching New_configuration (4)] INFO  o.e.m.c.i.embedder.EclipseLogger - Using 'UTF-8' encoding to copy filtered properties files.
2024-06-06 19:22:02,125 [Worker-8: Launching New_configuration (4)] INFO  o.e.m.c.i.embedder.EclipseLogger - Copying 1 resource
2024-06-06 19:22:02,133 [Worker-8: Launching New_configuration (4)] INFO  o.e.m.c.i.embedder.EclipseLogger - Copying 0 resource
2024-06-06 19:22:02,137 [Worker-8: Launching New_configuration (4)] INFO  o.e.m.c.i.embedder.EclipseLogger - Using 'UTF-8' encoding to copy filtered resources.
2024-06-06 19:22:02,137 [Worker-8: Launching New_configuration (4)] INFO  o.e.m.c.i.embedder.EclipseLogger - Using 'UTF-8' encoding to copy filtered properties files.
2024-06-06 19:22:02,137 [Worker-8: Launching New_configuration (4)] INFO  o.e.m.c.i.embedder.EclipseLogger - skip non existing resourceDirectory C:\Users\David\Downloads\demo-spring-firestore-main (1)\demo-spring-firestore-main\src\test\resources
2024-06-06 19:25:56,329 [Worker-28: Building] INFO  o.e.m.c.i.embedder.EclipseLogger - Using 'UTF-8' encoding to copy filtered resources.
2024-06-06 19:25:56,330 [Worker-28: Building] INFO  o.e.m.c.i.embedder.EclipseLogger - Using 'UTF-8' encoding to copy filtered properties files.
2024-06-06 19:25:56,331 [Worker-28: Building] INFO  o.e.m.c.i.embedder.EclipseLogger - Copying 1 resource
2024-06-06 19:25:56,356 [Worker-28: Building] INFO  o.e.m.c.i.embedder.EclipseLogger - Copying 0 resource
2024-06-06 19:25:56,360 [Worker-28: Building] INFO  o.e.m.c.i.embedder.EclipseLogger - Using 'UTF-8' encoding to copy filtered resources.
2024-06-06 19:25:56,360 [Worker-28: Building] INFO  o.e.m.c.i.embedder.EclipseLogger - Using 'UTF-8' encoding to copy filtered properties files.
2024-06-06 19:25:56,360 [Worker-28: Building] INFO  o.e.m.c.i.embedder.EclipseLogger - skip non existing resourceDirectory C:\Users\David\Downloads\demo-spring-firestore-main (1)\demo-spring-firestore-main\src\test\resources
2024-06-06 19:26:31,862 [Worker-38: Building] INFO  o.e.m.c.i.embedder.EclipseLogger - Using 'UTF-8' encoding to copy filtered resources.
2024-06-06 19:26:31,862 [Worker-38: Building] INFO  o.e.m.c.i.embedder.EclipseLogger - Using 'UTF-8' encoding to copy filtered properties files.
2024-06-06 19:26:31,862 [Worker-38: Building] INFO  o.e.m.c.i.embedder.EclipseLogger - Copying 1 resource
2024-06-06 19:26:31,888 [Worker-38: Building] INFO  o.e.m.c.i.embedder.EclipseLogger - Copying 0 resource
2024-06-06 19:26:31,891 [Worker-38: Building] INFO  o.e.m.c.i.embedder.EclipseLogger - Using 'UTF-8' encoding to copy filtered resources.
2024-06-06 19:26:31,891 [Worker-38: Building] INFO  o.e.m.c.i.embedder.EclipseLogger - Using 'UTF-8' encoding to copy filtered properties files.
2024-06-06 19:26:31,891 [Worker-38: Building] INFO  o.e.m.c.i.embedder.EclipseLogger - skip non existing resourceDirectory C:\Users\David\Downloads\demo-spring-firestore-main (1)\demo-spring-firestore-main\src\test\resources
2024-06-06 19:33:55,143 [Worker-13: Building] INFO  o.e.m.c.i.embedder.EclipseLogger - Using 'UTF-8' encoding to copy filtered resources.
2024-06-06 19:33:55,143 [Worker-13: Building] INFO  o.e.m.c.i.embedder.EclipseLogger - Using 'UTF-8' encoding to copy filtered properties files.
2024-06-06 19:33:55,144 [Worker-13: Building] INFO  o.e.m.c.i.embedder.EclipseLogger - Copying 1 resource
2024-06-06 19:33:55,155 [Worker-13: Building] INFO  o.e.m.c.i.embedder.EclipseLogger - Copying 0 resource
2024-06-06 19:33:55,158 [Worker-13: Building] INFO  o.e.m.c.i.embedder.EclipseLogger - Using 'UTF-8' encoding to copy filtered resources.
2024-06-06 19:33:55,158 [Worker-13: Building] INFO  o.e.m.c.i.embedder.EclipseLogger - Using 'UTF-8' encoding to copy filtered properties files.
2024-06-06 19:33:55,158 [Worker-13: Building] INFO  o.e.m.c.i.embedder.EclipseLogger - skip non existing resourceDirectory C:\Users\David\Downloads\demo-spring-firestore-main (1)\demo-spring-firestore-main\src\test\resources
2024-06-06 19:35:23,003 [Worker-39: Building] INFO  o.e.m.c.i.embedder.EclipseLogger - Using 'UTF-8' encoding to copy filtered resources.
2024-06-06 19:35:23,003 [Worker-39: Building] INFO  o.e.m.c.i.embedder.EclipseLogger - Using 'UTF-8' encoding to copy filtered properties files.
2024-06-06 19:35:23,004 [Worker-39: Building] INFO  o.e.m.c.i.embedder.EclipseLogger - Copying 1 resource
2024-06-06 19:35:23,008 [Worker-39: Building] INFO  o.e.m.c.i.embedder.EclipseLogger - Copying 0 resource
2024-06-06 19:35:23,013 [Worker-39: Building] INFO  o.e.m.c.i.embedder.EclipseLogger - Using 'UTF-8' encoding to copy filtered resources.
2024-06-06 19:35:23,013 [Worker-39: Building] INFO  o.e.m.c.i.embedder.EclipseLogger - Using 'UTF-8' encoding to copy filtered properties files.
2024-06-06 19:35:23,014 [Worker-39: Building] INFO  o.e.m.c.i.embedder.EclipseLogger - skip non existing resourceDirectory C:\Users\David\Downloads\demo-spring-firestore-main (1)\demo-spring-firestore-main\src\test\resources
2024-06-06 19:36:02,952 [Worker-39: Building] INFO  o.e.m.c.i.embedder.EclipseLogger - Using 'UTF-8' encoding to copy filtered resources.
2024-06-06 19:36:02,952 [Worker-39: Building] INFO  o.e.m.c.i.embedder.EclipseLogger - Using 'UTF-8' encoding to copy filtered properties files.
2024-06-06 19:36:02,953 [Worker-39: Building] INFO  o.e.m.c.i.embedder.EclipseLogger - Copying 1 resource
2024-06-06 19:36:02,956 [Worker-39: Building] INFO  o.e.m.c.i.embedder.EclipseLogger - Copying 0 resource
2024-06-06 19:36:02,958 [Worker-39: Building] INFO  o.e.m.c.i.embedder.EclipseLogger - Using 'UTF-8' encoding to copy filtered resources.
2024-06-06 19:36:02,958 [Worker-39: Building] INFO  o.e.m.c.i.embedder.EclipseLogger - Using 'UTF-8' encoding to copy filtered properties files.
2024-06-06 19:36:02,958 [Worker-39: Building] INFO  o.e.m.c.i.embedder.EclipseLogger - skip non existing resourceDirectory C:\Users\David\Downloads\demo-spring-firestore-main (1)\demo-spring-firestore-main\src\test\resources
2024-06-06 19:37:15,819 [Worker-40: Building] INFO  o.e.m.c.i.embedder.EclipseLogger - Using 'UTF-8' encoding to copy filtered resources.
2024-06-06 19:37:15,819 [Worker-40: Building] INFO  o.e.m.c.i.embedder.EclipseLogger - Using 'UTF-8' encoding to copy filtered properties files.
2024-06-06 19:37:15,819 [Worker-40: Building] INFO  o.e.m.c.i.embedder.EclipseLogger - Copying 1 resource
2024-06-06 19:37:15,823 [Worker-40: Building] INFO  o.e.m.c.i.embedder.EclipseLogger - Copying 0 resource
2024-06-06 19:37:15,825 [Worker-40: Building] INFO  o.e.m.c.i.embedder.EclipseLogger - Using 'UTF-8' encoding to copy filtered resources.
2024-06-06 19:37:15,825 [Worker-40: Building] INFO  o.e.m.c.i.embedder.EclipseLogger - Using 'UTF-8' encoding to copy filtered properties files.
2024-06-06 19:37:15,825 [Worker-40: Building] INFO  o.e.m.c.i.embedder.EclipseLogger - skip non existing resourceDirectory C:\Users\David\Downloads\demo-spring-firestore-main (1)\demo-spring-firestore-main\src\test\resources
